  [1m[35m (229.8ms)[0m  [1m[35mCREATE DATABASE "devise_app_development" ENCODING = 'unicode'[0m
  [1m[35m (86.0ms)[0m  [1m[35mCREATE DATABASE "devise_app_test" ENCODING = 'unicode'[0m
Started GET "/exercises" for ::1 at 2022-09-27 09:26:56 -0700
  
ActionController::RoutingError (No route matches [GET] "/exercises"):
  
Started GET "/" for ::1 at 2022-09-27 09:26:59 -0700
Processing by HomeController#index as HTML
  Rendering layout layouts/application.html.erb
  Rendering home/index.html.erb within layouts/application
  Rendered home/index.html.erb within layouts/application (Duration: 2.3ms | Allocations: 225)
  Rendered layout layouts/application.html.erb (Duration: 1501.5ms | Allocations: 107128)
Completed 200 OK in 1529ms (Views: 1505.2ms | ActiveRecord: 0.0ms | Allocations: 111129)


Started GET "/" for ::1 at 2022-09-27 09:27:11 -0700
Processing by HomeController#index as HTML
  Rendering layout layouts/application.html.erb
  Rendering home/index.html.erb within layouts/application
  Rendered home/index.html.erb within layouts/application (Duration: 0.2ms | Allocations: 78)
  Rendered layout layouts/application.html.erb (Duration: 8.1ms | Allocations: 2564)
Completed 200 OK in 10ms (Views: 9.3ms | ActiveRecord: 0.0ms | Allocations: 2894)


Started GET "/" for ::1 at 2022-09-27 09:28:59 -0700
Processing by HomeController#index as HTML
  Rendering layout layouts/application.html.erb
  Rendering home/index.html.erb within layouts/application
  Rendered home/index.html.erb within layouts/application (Duration: 2.5ms | Allocations: 512)
[Webpacker] Compiling...
[Webpacker] Compiled all packs in /Users/learnacademy/Desktop/Echo.nosync/devise-app/public/packs
[Webpacker] warning package.json: No license field

[Webpacker] Hash: f0ba1e6da2aaa654cc0b
Version: webpack 4.46.0
Time: 5735ms
Built at: 09/27/2022 9:29:08 AM
                                          Asset      Size            Chunks                         Chunk Names
         js/application-dd92f9ac79f7a5e47bd0.js  1.74 MiB       application  [emitted] [immutable]  application
     js/application-dd92f9ac79f7a5e47bd0.js.map     2 MiB       application  [emitted] [dev]        application
         js/hello_react-611ed30490f504ca89d6.js  1.25 MiB       hello_react  [emitted] [immutable]  hello_react
     js/hello_react-611ed30490f504ca89d6.js.map  1.44 MiB       hello_react  [emitted] [dev]        hello_react
    js/server_rendering-78d7fe2021aeb939b2af.js  1.74 MiB  server_rendering  [emitted] [immutable]  server_rendering
js/server_rendering-78d7fe2021aeb939b2af.js.map     2 MiB  server_rendering  [emitted] [dev]        server_rendering
                                  manifest.json  1.05 KiB                    [emitted]              
Entrypoint application = js/application-dd92f9ac79f7a5e47bd0.js js/application-dd92f9ac79f7a5e47bd0.js.map
Entrypoint hello_react = js/hello_react-611ed30490f504ca89d6.js js/hello_react-611ed30490f504ca89d6.js.map
Entrypoint server_rendering = js/server_rendering-78d7fe2021aeb939b2af.js js/server_rendering-78d7fe2021aeb939b2af.js.map
[./app/javascript/components sync recursive ^\.\/.*$] ./app/javascript/components sync ^\.\/.*$ 183 bytes {application} {server_rendering} [built]
[./app/javascript/packs/application.js] 216 bytes {application} [built]
[./app/javascript/packs/hello_react.jsx] 1.08 KiB {hello_react} [built]
[./app/javascript/packs/server_rendering.js] 301 bytes {server_rendering} [built]
[./node_modules/webpack/buildin/global.js] (webpack)/buildin/global.js 475 bytes {application} {hello_react} {server_rendering} [built]
[./node_modules/webpack/buildin/module.js] (webpack)/buildin/module.js 546 bytes {application} {hello_react} {server_rendering} [built]
    + 32 hidden modules

  Rendered layout layouts/application.html.erb (Duration: 9010.9ms | Allocations: 27915)
Completed 200 OK in 9031ms (Views: 9018.5ms | ActiveRecord: 0.0ms | Allocations: 33300)


Started GET "/" for ::1 at 2022-09-27 09:29:33 -0700
Processing by HomeController#index as HTML
  Rendering layout layouts/application.html.erb
  Rendering home/index.html.erb within layouts/application
  Rendered home/index.html.erb within layouts/application (Duration: 0.7ms | Allocations: 82)
[Webpacker] Compiling...
[Webpacker] Compiled all packs in /Users/learnacademy/Desktop/Echo.nosync/devise-app/public/packs
[Webpacker] warning package.json: No license field

[Webpacker] Hash: ebaec69be7cf31373859
Version: webpack 4.46.0
Time: 1958ms
Built at: 09/27/2022 9:29:38 AM
                                          Asset      Size            Chunks                         Chunk Names
         js/application-6b0817d9488e9e84a355.js  1.74 MiB       application  [emitted] [immutable]  application
     js/application-6b0817d9488e9e84a355.js.map     2 MiB       application  [emitted] [dev]        application
         js/hello_react-611ed30490f504ca89d6.js  1.25 MiB       hello_react  [emitted] [immutable]  hello_react
     js/hello_react-611ed30490f504ca89d6.js.map  1.44 MiB       hello_react  [emitted] [dev]        hello_react
    js/server_rendering-a7e949f8c7fa2973256b.js  1.74 MiB  server_rendering  [emitted] [immutable]  server_rendering
js/server_rendering-a7e949f8c7fa2973256b.js.map     2 MiB  server_rendering  [emitted] [dev]        server_rendering
                                  manifest.json  1.05 KiB                    [emitted]              
Entrypoint application = js/application-6b0817d9488e9e84a355.js js/application-6b0817d9488e9e84a355.js.map
Entrypoint hello_react = js/hello_react-611ed30490f504ca89d6.js js/hello_react-611ed30490f504ca89d6.js.map
Entrypoint server_rendering = js/server_rendering-a7e949f8c7fa2973256b.js js/server_rendering-a7e949f8c7fa2973256b.js.map
[./app/javascript/components sync recursive ^\.\/.*$] ./app/javascript/components sync ^\.\/.*$ 183 bytes {application} {server_rendering} [built]
[./app/javascript/packs/application.js] 216 bytes {application} [built]
[./app/javascript/packs/hello_react.jsx] 1.08 KiB {hello_react} [built]
[./app/javascript/packs/server_rendering.js] 301 bytes {server_rendering} [built]
[./node_modules/webpack/buildin/global.js] (webpack)/buildin/global.js 475 bytes {application} {hello_react} {server_rendering} [built]
[./node_modules/webpack/buildin/module.js] (webpack)/buildin/module.js 546 bytes {application} {hello_react} {server_rendering} [built]
    + 32 hidden modules

  Rendered layout layouts/application.html.erb (Duration: 4294.9ms | Allocations: 4732)
Completed 200 OK in 4299ms (Views: 4297.7ms | ActiveRecord: 0.0ms | Allocations: 5515)


Started GET "/" for ::1 at 2022-09-27 09:30:59 -0700
Processing by HomeController#index as HTML
  Rendering layout layouts/application.html.erb
  Rendering home/index.html.erb within layouts/application
  Rendered home/index.html.erb within layouts/application (Duration: 0.5ms | Allocations: 82)
  Rendered layout layouts/application.html.erb (Duration: 12.4ms | Allocations: 2307)
Completed 200 OK in 19ms (Views: 16.7ms | ActiveRecord: 0.0ms | Allocations: 3091)


Started GET "/" for ::1 at 2022-09-27 09:33:28 -0700
Processing by HomeController#index as HTML
  Rendering layout layouts/application.html.erb
  Rendering home/index.html.erb within layouts/application
  Rendered home/index.html.erb within layouts/application (Duration: 0.3ms | Allocations: 82)
  Rendered layout layouts/application.html.erb (Duration: 5.0ms | Allocations: 2297)
Completed 200 OK in 8ms (Views: 6.8ms | ActiveRecord: 0.0ms | Allocations: 3079)


  [1m[35m (33.8ms)[0m  [1m[35mCREATE TABLE "schema_migrations" ("version" character varying NOT NULL PRIMARY KEY)[0m
  [1m[35m (7.0ms)[0m  [1m[35mCREATE TABLE "ar_internal_metadata" ("key" character varying NOT NULL PRIMARY KEY, "value" character varying, "created_at" timestamp(6) NOT NULL, "updated_at" timestamp(6) NOT NULL)[0m
  [1m[35m (1.5ms)[0m  [1m[34mSELECT pg_try_advisory_lock(363339984797932695)[0m
  [1m[36mActiveRecord::SchemaMigration Pluck (0.9ms)[0m  [1m[34mSELECT "schema_migrations"."version" FROM "schema_migrations" ORDER BY "schema_migrations"."version" ASC[0m
Migrating to DeviseCreateUsers (20220927164253)
  [1m[36mTRANSACTION (0.1ms)[0m  [1m[35mBEGIN[0m
  [1m[35m (8.0ms)[0m  [1m[35mCREATE TABLE "users" ("id" bigserial primary key, "email" character varying DEFAULT '' NOT NULL, "encrypted_password" character varying DEFAULT '' NOT NULL, "reset_password_token" character varying, "reset_password_sent_at" timestamp(6), "remember_created_at" timestamp(6), "created_at" timestamp(6) NOT NULL, "updated_at" timestamp(6) NOT NULL)[0m
  [1m[35m (1.1ms)[0m  [1m[35mCREATE UNIQUE INDEX "index_users_on_email" ON "users" ("email")[0m
  [1m[35m (2.0ms)[0m  [1m[35mCREATE UNIQUE INDEX "index_users_on_reset_password_token" ON "users" ("reset_password_token")[0m
  [1m[36mActiveRecord::SchemaMigration Create (1.6ms)[0m  [1m[32mINSERT INTO "schema_migrations" ("version") VALUES ($1) RETURNING "version"[0m  [["version", "20220927164253"]]
  [1m[36mTRANSACTION (0.4ms)[0m  [1m[35mCOMMIT[0m
  [1m[36mActiveRecord::InternalMetadata Load (0.3ms)[0m  [1m[34mSELECT "ar_internal_metadata".* FROM "ar_internal_metadata" WHERE "ar_internal_metadata"."key" = $1 LIMIT $2[0m  [["key", "environment"], ["LIMIT", 1]]
  [1m[36mTRANSACTION (0.1ms)[0m  [1m[35mBEGIN[0m
  [1m[36mActiveRecord::InternalMetadata Create (1.7ms)[0m  [1m[32mINSERT INTO "ar_internal_metadata" ("key", "value", "created_at", "updated_at") VALUES ($1, $2, $3, $4) RETURNING "key"[0m  [["key", "environment"], ["value", "development"], ["created_at", "2022-09-27 16:45:55.895294"], ["updated_at", "2022-09-27 16:45:55.895294"]]
  [1m[36mTRANSACTION (0.4ms)[0m  [1m[35mCOMMIT[0m
  [1m[35m (0.5ms)[0m  [1m[34mSELECT pg_advisory_unlock(363339984797932695)[0m
  [1m[36mActiveRecord::SchemaMigration Pluck (0.9ms)[0m  [1m[34mSELECT "schema_migrations"."version" FROM "schema_migrations" ORDER BY "schema_migrations"."version" ASC[0m
Started GET "/" for ::1 at 2022-09-27 09:46:52 -0700
  [1m[36mActiveRecord::SchemaMigration Pluck (1.4ms)[0m  [1m[34mSELECT "schema_migrations"."version" FROM "schema_migrations" ORDER BY "schema_migrations"."version" ASC[0m
Processing by HomeController#index as HTML
  Rendering layout layouts/application.html.erb
  Rendering home/index.html.erb within layouts/application
  Rendered home/index.html.erb within layouts/application (Duration: 3.9ms | Allocations: 510)
  Rendered layout layouts/application.html.erb (Duration: 123.4ms | Allocations: 33414)
Completed 200 OK in 140ms (Views: 129.5ms | ActiveRecord: 0.0ms | Allocations: 38831)


Started GET "/users/sign_up" for ::1 at 2022-09-27 09:47:03 -0700
Processing by Devise::RegistrationsController#new as HTML
  Rendering layout layouts/application.html.erb
  Rendering /Users/learnacademy/.rvm/gems/ruby-3.0.0/gems/devise-4.8.1/app/views/devise/registrations/new.html.erb within layouts/application
  Rendered /Users/learnacademy/.rvm/gems/ruby-3.0.0/gems/devise-4.8.1/app/views/devise/shared/_error_messages.html.erb (Duration: 1.6ms | Allocations: 237)
  Rendered /Users/learnacademy/.rvm/gems/ruby-3.0.0/gems/devise-4.8.1/app/views/devise/shared/_links.html.erb (Duration: 3.1ms | Allocations: 666)
  Rendered /Users/learnacademy/.rvm/gems/ruby-3.0.0/gems/devise-4.8.1/app/views/devise/registrations/new.html.erb within layouts/application (Duration: 42.0ms | Allocations: 9262)
  Rendered layout layouts/application.html.erb (Duration: 46.3ms | Allocations: 11294)
Completed 200 OK in 79ms (Views: 49.1ms | ActiveRecord: 5.2ms | Allocations: 29677)


Started POST "/users" for ::1 at 2022-09-27 09:47:32 -0700
Processing by Devise::RegistrationsController#create as HTML
  Parameters: {"authenticity_token"=>"[FILTERED]", "user"=>{"email"=>"a@a.a", "password"=>"[FILTERED]", "password_confirmation"=>"[FILTERED]"}, "commit"=>"Sign up"}
  [1m[36mTRANSACTION (0.2ms)[0m  [1m[35mBEGIN[0m
  [1m[36mUser Exists? (3.7ms)[0m  [1m[34mSELECT 1 AS one FROM "users" WHERE "users"."email" = $1 LIMIT $2[0m  [["email", "a@a.a"], ["LIMIT", 1]]
  [1m[36mUser Create (5.5ms)[0m  [1m[32mINSERT INTO "users" ("email", "encrypted_password", "reset_password_token", "reset_password_sent_at", "remember_created_at", "created_at", "updated_at") VALUES ($1, $2, $3, $4, $5, $6, $7) RETURNING "id"[0m  [["email", "a@a.a"], ["encrypted_password", "[FILTERED]"], ["reset_password_token", "[FILTERED]"], ["reset_password_sent_at", "[FILTERED]"], ["remember_created_at", nil], ["created_at", "2022-09-27 16:47:32.335676"], ["updated_at", "2022-09-27 16:47:32.335676"]]
  [1m[36mTRANSACTION (0.6ms)[0m  [1m[35mCOMMIT[0m
Redirected to http://localhost:3000/
Completed 302 Found in 267ms (ActiveRecord: 10.0ms | Allocations: 11773)


Started GET "/" for ::1 at 2022-09-27 09:47:32 -0700
Processing by HomeController#index as HTML
  Rendering layout layouts/application.html.erb
  Rendering home/index.html.erb within layouts/application
  Rendered home/index.html.erb within layouts/application (Duration: 0.2ms | Allocations: 78)
  Rendered layout layouts/application.html.erb (Duration: 4.1ms | Allocations: 2318)
Completed 200 OK in 6ms (Views: 5.3ms | ActiveRecord: 0.0ms | Allocations: 2649)


Started GET "/users/sign_in" for ::1 at 2022-09-27 09:47:53 -0700
Processing by Devise::SessionsController#new as HTML
  [1m[36mUser Load (0.9ms)[0m  [1m[34mSELECT "users".* FROM "users" WHERE "users"."id" = $1 ORDER BY "users"."id" ASC LIMIT $2[0m  [["id", 1], ["LIMIT", 1]]
Redirected to http://localhost:3000/
Filter chain halted as :require_no_authentication rendered or redirected
Completed 302 Found in 8ms (ActiveRecord: 1.2ms | Allocations: 2022)


Started GET "/" for ::1 at 2022-09-27 09:47:53 -0700
Processing by HomeController#index as HTML
  Rendering layout layouts/application.html.erb
  Rendering home/index.html.erb within layouts/application
  Rendered home/index.html.erb within layouts/application (Duration: 0.1ms | Allocations: 78)
  Rendered layout layouts/application.html.erb (Duration: 6.4ms | Allocations: 2320)
Completed 200 OK in 8ms (Views: 7.0ms | ActiveRecord: 0.0ms | Allocations: 2649)


Started GET "/users/sign_out" for ::1 at 2022-09-27 09:48:05 -0700
Processing by HomeController#index as HTML
  Parameters: {"path"=>"users/sign_out"}
  Rendering layout layouts/application.html.erb
  Rendering home/index.html.erb within layouts/application
  Rendered home/index.html.erb within layouts/application (Duration: 0.1ms | Allocations: 78)
  Rendered layout layouts/application.html.erb (Duration: 16.3ms | Allocations: 2336)
Completed 200 OK in 18ms (Views: 17.0ms | ActiveRecord: 0.0ms | Allocations: 2670)


Started GET "/users/sign_in" for ::1 at 2022-09-27 09:48:25 -0700
Processing by Devise::SessionsController#new as HTML
  [1m[36mUser Load (0.4ms)[0m  [1m[34mSELECT "users".* FROM "users" WHERE "users"."id" = $1 ORDER BY "users"."id" ASC LIMIT $2[0m  [["id", 1], ["LIMIT", 1]]
Redirected to http://localhost:3000/
Filter chain halted as :require_no_authentication rendered or redirected
Completed 302 Found in 4ms (ActiveRecord: 0.4ms | Allocations: 1424)


Started GET "/" for ::1 at 2022-09-27 09:48:25 -0700
Processing by HomeController#index as HTML
  Rendering layout layouts/application.html.erb
  Rendering home/index.html.erb within layouts/application
  Rendered home/index.html.erb within layouts/application (Duration: 0.2ms | Allocations: 78)
  Rendered layout layouts/application.html.erb (Duration: 9.6ms | Allocations: 2324)
Completed 200 OK in 12ms (Views: 10.8ms | ActiveRecord: 0.0ms | Allocations: 2653)


Started GET "/users/sign_in" for ::1 at 2022-09-27 09:49:00 -0700
Processing by Devise::SessionsController#new as HTML
  [1m[36mUser Load (0.5ms)[0m  [1m[34mSELECT "users".* FROM "users" WHERE "users"."id" = $1 ORDER BY "users"."id" ASC LIMIT $2[0m  [["id", 1], ["LIMIT", 1]]
Redirected to http://localhost:3000/
Filter chain halted as :require_no_authentication rendered or redirected
Completed 302 Found in 4ms (ActiveRecord: 0.5ms | Allocations: 1446)


Started GET "/" for ::1 at 2022-09-27 09:49:00 -0700
Processing by HomeController#index as HTML
  Rendering layout layouts/application.html.erb
  Rendering home/index.html.erb within layouts/application
  Rendered home/index.html.erb within layouts/application (Duration: 0.1ms | Allocations: 78)
  Rendered layout layouts/application.html.erb (Duration: 5.8ms | Allocations: 2318)
Completed 200 OK in 7ms (Views: 6.6ms | ActiveRecord: 0.0ms | Allocations: 2648)


Started GET "/users/sign_up" for ::1 at 2022-09-27 09:49:11 -0700
Processing by Devise::RegistrationsController#new as HTML
  [1m[36mUser Load (0.4ms)[0m  [1m[34mSELECT "users".* FROM "users" WHERE "users"."id" = $1 ORDER BY "users"."id" ASC LIMIT $2[0m  [["id", 1], ["LIMIT", 1]]
Redirected to http://localhost:3000/
Filter chain halted as :require_no_authentication rendered or redirected
Completed 302 Found in 4ms (ActiveRecord: 0.4ms | Allocations: 1486)


Started GET "/" for ::1 at 2022-09-27 09:49:11 -0700
Processing by HomeController#index as HTML
  Rendering layout layouts/application.html.erb
  Rendering home/index.html.erb within layouts/application
  Rendered home/index.html.erb within layouts/application (Duration: 0.2ms | Allocations: 78)
  Rendered layout layouts/application.html.erb (Duration: 5.6ms | Allocations: 2310)
Completed 200 OK in 7ms (Views: 6.3ms | ActiveRecord: 0.0ms | Allocations: 2639)


Started GET "/" for ::1 at 2022-09-27 09:49:31 -0700
  [1m[36mActiveRecord::SchemaMigration Pluck (1.0ms)[0m  [1m[34mSELECT "schema_migrations"."version" FROM "schema_migrations" ORDER BY "schema_migrations"."version" ASC[0m
Processing by HomeController#index as HTML
  Rendering layout layouts/application.html.erb
  Rendering home/index.html.erb within layouts/application
  Rendered home/index.html.erb within layouts/application (Duration: 1.6ms | Allocations: 510)
  Rendered layout layouts/application.html.erb (Duration: 72.6ms | Allocations: 26083)
Completed 200 OK in 89ms (Views: 77.4ms | ActiveRecord: 0.0ms | Allocations: 31501)


Started GET "/users/sign_up" for ::1 at 2022-09-27 09:49:39 -0700
Processing by Devise::RegistrationsController#new as HTML
  [1m[36mUser Load (0.8ms)[0m  [1m[34mSELECT "users".* FROM "users" WHERE "users"."id" = $1 ORDER BY "users"."id" ASC LIMIT $2[0m  [["id", 1], ["LIMIT", 1]]
Redirected to http://localhost:3000/
Filter chain halted as :require_no_authentication rendered or redirected
Completed 302 Found in 37ms (ActiveRecord: 5.0ms | Allocations: 22012)


Started GET "/" for ::1 at 2022-09-27 09:49:39 -0700
Processing by HomeController#index as HTML
  Rendering layout layouts/application.html.erb
  Rendering home/index.html.erb within layouts/application
  Rendered home/index.html.erb within layouts/application (Duration: 0.4ms | Allocations: 78)
  Rendered layout layouts/application.html.erb (Duration: 5.8ms | Allocations: 2313)
Completed 200 OK in 8ms (Views: 7.2ms | ActiveRecord: 0.0ms | Allocations: 2644)


Started GET "/users/sign_out" for ::1 at 2022-09-27 09:51:25 -0700
  [1m[36mActiveRecord::SchemaMigration Pluck (0.6ms)[0m  [1m[34mSELECT "schema_migrations"."version" FROM "schema_migrations" ORDER BY "schema_migrations"."version" ASC[0m
Processing by Devise::SessionsController#destroy as HTML
  [1m[36mUser Load (0.8ms)[0m  [1m[34mSELECT "users".* FROM "users" WHERE "users"."id" = $1 ORDER BY "users"."id" ASC LIMIT $2[0m  [["id", 1], ["LIMIT", 1]]
Redirected to http://localhost:3000/
Completed 302 Found in 47ms (ActiveRecord: 6.0ms | Allocations: 25891)


Started GET "/" for ::1 at 2022-09-27 09:51:25 -0700
Processing by HomeController#index as HTML
  Rendering layout layouts/application.html.erb
  Rendering home/index.html.erb within layouts/application
  Rendered home/index.html.erb within layouts/application (Duration: 1.6ms | Allocations: 487)
  Rendered layout layouts/application.html.erb (Duration: 47.3ms | Allocations: 25754)
Completed 200 OK in 58ms (Views: 52.2ms | ActiveRecord: 0.0ms | Allocations: 28717)


Started GET "/" for ::1 at 2022-09-27 09:52:50 -0700
Processing by HomeController#index as HTML
  Rendering layout layouts/application.html.erb
  Rendering home/index.html.erb within layouts/application
  Rendered home/index.html.erb within layouts/application (Duration: 0.5ms | Allocations: 78)
  Rendered layout layouts/application.html.erb (Duration: 7.5ms | Allocations: 2324)
Completed 200 OK in 11ms (Views: 8.9ms | ActiveRecord: 0.0ms | Allocations: 2658)


Started GET "/users/sign_up" for ::1 at 2022-09-27 09:52:57 -0700
Processing by Devise::RegistrationsController#new as HTML
  Rendering layout layouts/application.html.erb
  Rendering /Users/learnacademy/.rvm/gems/ruby-3.0.0/gems/devise-4.8.1/app/views/devise/registrations/new.html.erb within layouts/application
  Rendered /Users/learnacademy/.rvm/gems/ruby-3.0.0/gems/devise-4.8.1/app/views/devise/shared/_error_messages.html.erb (Duration: 1.1ms | Allocations: 237)
  Rendered /Users/learnacademy/.rvm/gems/ruby-3.0.0/gems/devise-4.8.1/app/views/devise/shared/_links.html.erb (Duration: 1.6ms | Allocations: 666)
  Rendered /Users/learnacademy/.rvm/gems/ruby-3.0.0/gems/devise-4.8.1/app/views/devise/registrations/new.html.erb within layouts/application (Duration: 17.9ms | Allocations: 4502)
  Rendered layout layouts/application.html.erb (Duration: 21.3ms | Allocations: 6534)
Completed 200 OK in 33ms (Views: 26.6ms | ActiveRecord: 0.0ms | Allocations: 8160)


Started GET "/users/sign_in" for ::1 at 2022-09-27 09:52:59 -0700
Processing by Devise::SessionsController#new as HTML
  Rendering layout layouts/application.html.erb
  Rendering /Users/learnacademy/.rvm/gems/ruby-3.0.0/gems/devise-4.8.1/app/views/devise/sessions/new.html.erb within layouts/application
  Rendered /Users/learnacademy/.rvm/gems/ruby-3.0.0/gems/devise-4.8.1/app/views/devise/shared/_links.html.erb (Duration: 1.0ms | Allocations: 408)
  Rendered /Users/learnacademy/.rvm/gems/ruby-3.0.0/gems/devise-4.8.1/app/views/devise/sessions/new.html.erb within layouts/application (Duration: 8.6ms | Allocations: 2612)
  Rendered layout layouts/application.html.erb (Duration: 13.1ms | Allocations: 4692)
Completed 200 OK in 19ms (Views: 15.1ms | ActiveRecord: 0.0ms | Allocations: 6407)


Started POST "/users/sign_in" for ::1 at 2022-09-27 09:53:03 -0700
Processing by Devise::SessionsController#create as HTML
  Parameters: {"authenticity_token"=>"[FILTERED]", "user"=>{"email"=>"test@example.com", "password"=>"[FILTERED]", "remember_me"=>"0"}, "commit"=>"Log in"}
  [1m[36mUser Load (0.6ms)[0m  [1m[34mSELECT "users".* FROM "users" WHERE "users"."email" = $1 ORDER BY "users"."id" ASC LIMIT $2[0m  [["email", "test@example.com"], ["LIMIT", 1]]
Completed 401 Unauthorized in 11ms (ActiveRecord: 0.6ms | Allocations: 1851)


Processing by Devise::SessionsController#new as HTML
  Parameters: {"authenticity_token"=>"[FILTERED]", "user"=>{"email"=>"test@example.com", "password"=>"[FILTERED]", "remember_me"=>"0"}, "commit"=>"Log in"}
  Rendering layout layouts/application.html.erb
  Rendering /Users/learnacademy/.rvm/gems/ruby-3.0.0/gems/devise-4.8.1/app/views/devise/sessions/new.html.erb within layouts/application
  Rendered /Users/learnacademy/.rvm/gems/ruby-3.0.0/gems/devise-4.8.1/app/views/devise/shared/_links.html.erb (Duration: 0.2ms | Allocations: 138)
  Rendered /Users/learnacademy/.rvm/gems/ruby-3.0.0/gems/devise-4.8.1/app/views/devise/sessions/new.html.erb within layouts/application (Duration: 2.0ms | Allocations: 1253)
  Rendered layout layouts/application.html.erb (Duration: 5.3ms | Allocations: 3282)
Completed 200 OK in 252ms (Views: 6.0ms | ActiveRecord: 0.0ms | Allocations: 4863)


Started POST "/users/sign_in" for ::1 at 2022-09-27 09:53:10 -0700
Processing by Devise::SessionsController#create as HTML
  Parameters: {"authenticity_token"=>"[FILTERED]", "user"=>{"email"=>"a@a.a", "password"=>"[FILTERED]", "remember_me"=>"0"}, "commit"=>"Log in"}
  [1m[36mUser Load (0.4ms)[0m  [1m[34mSELECT "users".* FROM "users" WHERE "users"."email" = $1 ORDER BY "users"."id" ASC LIMIT $2[0m  [["email", "a@a.a"], ["LIMIT", 1]]
Completed 401 Unauthorized in 255ms (ActiveRecord: 0.4ms | Allocations: 1513)


Processing by Devise::SessionsController#new as HTML
  Parameters: {"authenticity_token"=>"[FILTERED]", "user"=>{"email"=>"a@a.a", "password"=>"[FILTERED]", "remember_me"=>"0"}, "commit"=>"Log in"}
  Rendering layout layouts/application.html.erb
  Rendering /Users/learnacademy/.rvm/gems/ruby-3.0.0/gems/devise-4.8.1/app/views/devise/sessions/new.html.erb within layouts/application
  Rendered /Users/learnacademy/.rvm/gems/ruby-3.0.0/gems/devise-4.8.1/app/views/devise/shared/_links.html.erb (Duration: 0.3ms | Allocations: 138)
  Rendered /Users/learnacademy/.rvm/gems/ruby-3.0.0/gems/devise-4.8.1/app/views/devise/sessions/new.html.erb within layouts/application (Duration: 2.8ms | Allocations: 1247)
  Rendered layout layouts/application.html.erb (Duration: 6.0ms | Allocations: 3284)
Completed 200 OK in 258ms (Views: 6.8ms | ActiveRecord: 0.0ms | Allocations: 3877)


Started POST "/users/sign_in" for ::1 at 2022-09-27 09:53:15 -0700
Processing by Devise::SessionsController#create as HTML
  Parameters: {"authenticity_token"=>"[FILTERED]", "user"=>{"email"=>"a@a.a", "password"=>"[FILTERED]", "remember_me"=>"0"}, "commit"=>"Log in"}
  [1m[36mUser Load (0.3ms)[0m  [1m[34mSELECT "users".* FROM "users" WHERE "users"."email" = $1 ORDER BY "users"."id" ASC LIMIT $2[0m  [["email", "a@a.a"], ["LIMIT", 1]]
Redirected to http://localhost:3000/
Completed 302 Found in 260ms (ActiveRecord: 0.3ms | Allocations: 3434)


Started GET "/" for ::1 at 2022-09-27 09:53:15 -0700
Processing by HomeController#index as HTML
  Rendering layout layouts/application.html.erb
  Rendering home/index.html.erb within layouts/application
  Rendered home/index.html.erb within layouts/application (Duration: 0.1ms | Allocations: 78)
  Rendered layout layouts/application.html.erb (Duration: 4.2ms | Allocations: 2303)
Completed 200 OK in 5ms (Views: 4.8ms | ActiveRecord: 0.0ms | Allocations: 2633)


Started GET "/users/sign_out" for ::1 at 2022-09-27 09:53:26 -0700
Processing by Devise::SessionsController#destroy as HTML
  [1m[36mUser Load (0.3ms)[0m  [1m[34mSELECT "users".* FROM "users" WHERE "users"."id" = $1 ORDER BY "users"."id" ASC LIMIT $2[0m  [["id", 1], ["LIMIT", 1]]
Redirected to http://localhost:3000/
Completed 302 Found in 5ms (ActiveRecord: 0.3ms | Allocations: 1729)


Started GET "/" for ::1 at 2022-09-27 09:53:26 -0700
Processing by HomeController#index as HTML
  Rendering layout layouts/application.html.erb
  Rendering home/index.html.erb within layouts/application
  Rendered home/index.html.erb within layouts/application (Duration: 0.2ms | Allocations: 78)
  Rendered layout layouts/application.html.erb (Duration: 5.2ms | Allocations: 2311)
Completed 200 OK in 7ms (Views: 6.1ms | ActiveRecord: 0.0ms | Allocations: 2640)


  [1m[36mUser Load (0.7ms)[0m  [1m[34mSELECT "users".* FROM "users"[0m
Started GET "/" for ::1 at 2022-09-27 10:13:27 -0700
  [1m[36mActiveRecord::SchemaMigration Pluck (3.8ms)[0m  [1m[34mSELECT "schema_migrations"."version" FROM "schema_migrations" ORDER BY "schema_migrations"."version" ASC[0m
Processing by HomeController#index as HTML
  Rendering layout layouts/application.html.erb
  Rendering home/index.html.erb within layouts/application
  Rendered home/index.html.erb within layouts/application (Duration: 12.2ms | Allocations: 1180)
  Rendered layout layouts/application.html.erb (Duration: 154.1ms | Allocations: 33942)
Completed 200 OK in 177ms (Views: 160.7ms | ActiveRecord: 0.0ms | Allocations: 39359)


Started GET "/" for ::1 at 2022-09-27 10:14:05 -0700
Processing by HomeController#index as HTML
  Rendering layout layouts/application.html.erb
  Rendering home/index.html.erb within layouts/application
  Rendered home/index.html.erb within layouts/application (Duration: 0.9ms | Allocations: 507)
  Rendered layout layouts/application.html.erb (Duration: 4.7ms | Allocations: 2562)
Completed 200 OK in 8ms (Views: 6.3ms | ActiveRecord: 0.0ms | Allocations: 3349)


Started GET "/" for ::1 at 2022-09-27 10:14:08 -0700
Processing by HomeController#index as HTML
  Rendering layout layouts/application.html.erb
  Rendering home/index.html.erb within layouts/application
  Rendered home/index.html.erb within layouts/application (Duration: 1.1ms | Allocations: 505)
  Rendered layout layouts/application.html.erb (Duration: 5.5ms | Allocations: 2599)
Completed 200 OK in 9ms (Views: 7.4ms | ActiveRecord: 0.0ms | Allocations: 3385)


Started GET "/" for ::1 at 2022-09-27 10:14:13 -0700
Processing by HomeController#index as HTML
  Rendering layout layouts/application.html.erb
  Rendering home/index.html.erb within layouts/application
  Rendered home/index.html.erb within layouts/application (Duration: 1.2ms | Allocations: 505)
  Rendered layout layouts/application.html.erb (Duration: 7.1ms | Allocations: 2604)
Completed 200 OK in 10ms (Views: 9.1ms | ActiveRecord: 0.0ms | Allocations: 3389)


Started GET "/" for ::1 at 2022-09-27 10:14:16 -0700
Processing by HomeController#index as HTML
  Rendering layout layouts/application.html.erb
  Rendering home/index.html.erb within layouts/application
  Rendered home/index.html.erb within layouts/application (Duration: 1.3ms | Allocations: 519)
  Rendered layout layouts/application.html.erb (Duration: 6.2ms | Allocations: 2613)
Completed 200 OK in 10ms (Views: 8.6ms | ActiveRecord: 0.0ms | Allocations: 3399)


Started GET "/" for ::1 at 2022-09-27 10:14:19 -0700
Processing by HomeController#index as HTML
  Rendering layout layouts/application.html.erb
  Rendering home/index.html.erb within layouts/application
  Rendered home/index.html.erb within layouts/application (Duration: 1.8ms | Allocations: 495)
  Rendered layout layouts/application.html.erb (Duration: 11.1ms | Allocations: 2594)
Completed 200 OK in 16ms (Views: 13.9ms | ActiveRecord: 0.0ms | Allocations: 3379)


Started GET "/" for ::1 at 2022-09-27 10:14:21 -0700
Processing by HomeController#index as HTML
  Rendering layout layouts/application.html.erb
  Rendering home/index.html.erb within layouts/application
  Rendered home/index.html.erb within layouts/application (Duration: 1.3ms | Allocations: 503)
  Rendered layout layouts/application.html.erb (Duration: 6.2ms | Allocations: 2595)
Completed 200 OK in 10ms (Views: 7.9ms | ActiveRecord: 0.0ms | Allocations: 3378)


Started GET "/" for ::1 at 2022-09-27 10:14:25 -0700
Processing by HomeController#index as HTML
  Rendering layout layouts/application.html.erb
  Rendering home/index.html.erb within layouts/application
  Rendered home/index.html.erb within layouts/application (Duration: 1.3ms | Allocations: 517)
  Rendered layout layouts/application.html.erb (Duration: 11.7ms | Allocations: 2609)
Completed 200 OK in 15ms (Views: 14.1ms | ActiveRecord: 0.0ms | Allocations: 3392)


Started GET "/" for ::1 at 2022-09-27 10:14:27 -0700
Processing by HomeController#index as HTML
  Rendering layout layouts/application.html.erb
  Rendering home/index.html.erb within layouts/application
  Rendered home/index.html.erb within layouts/application (Duration: 1.6ms | Allocations: 511)
  Rendered layout layouts/application.html.erb (Duration: 7.1ms | Allocations: 2610)
Completed 200 OK in 10ms (Views: 8.8ms | ActiveRecord: 0.0ms | Allocations: 3395)


Started GET "/" for ::1 at 2022-09-27 10:14:51 -0700
Processing by HomeController#index as HTML
  Rendering layout layouts/application.html.erb
  Rendering home/index.html.erb within layouts/application
  Rendered home/index.html.erb within layouts/application (Duration: 0.8ms | Allocations: 505)
  Rendered layout layouts/application.html.erb (Duration: 4.9ms | Allocations: 2559)
Completed 200 OK in 7ms (Views: 6.1ms | ActiveRecord: 0.0ms | Allocations: 3342)


Started GET "/" for ::1 at 2022-09-27 10:14:52 -0700
Processing by HomeController#index as HTML
  Rendering layout layouts/application.html.erb
  Rendering home/index.html.erb within layouts/application
  Rendered home/index.html.erb within layouts/application (Duration: 1.4ms | Allocations: 497)
  Rendered layout layouts/application.html.erb (Duration: 5.3ms | Allocations: 2596)
Completed 200 OK in 9ms (Views: 7.4ms | ActiveRecord: 0.0ms | Allocations: 3381)


Started GET "/" for ::1 at 2022-09-27 10:14:53 -0700
Processing by HomeController#index as HTML
  Rendering layout layouts/application.html.erb
  Rendering home/index.html.erb within layouts/application
  Rendered home/index.html.erb within layouts/application (Duration: 3.3ms | Allocations: 503)
  Rendered layout layouts/application.html.erb (Duration: 8.7ms | Allocations: 2595)
Completed 200 OK in 13ms (Views: 11.2ms | ActiveRecord: 0.0ms | Allocations: 3378)


Started GET "/" for ::1 at 2022-09-27 10:14:56 -0700
Processing by HomeController#index as HTML
  Rendering layout layouts/application.html.erb
  Rendering home/index.html.erb within layouts/application
  Rendered home/index.html.erb within layouts/application (Duration: 1.5ms | Allocations: 513)
  Rendered layout layouts/application.html.erb (Duration: 7.8ms | Allocations: 2606)
Completed 200 OK in 12ms (Views: 10.2ms | ActiveRecord: 0.0ms | Allocations: 3392)


Started GET "/" for ::1 at 2022-09-27 10:14:59 -0700
Processing by HomeController#index as HTML
  Rendering layout layouts/application.html.erb
  Rendering home/index.html.erb within layouts/application
  Rendered home/index.html.erb within layouts/application (Duration: 1.2ms | Allocations: 509)
  Rendered layout layouts/application.html.erb (Duration: 7.0ms | Allocations: 2608)
Completed 200 OK in 10ms (Views: 8.9ms | ActiveRecord: 0.0ms | Allocations: 3393)


Started GET "/" for ::1 at 2022-09-27 10:15:02 -0700
Processing by HomeController#index as HTML
  Rendering layout layouts/application.html.erb
  Rendering home/index.html.erb within layouts/application
  Rendered home/index.html.erb within layouts/application (Duration: 0.9ms | Allocations: 503)
  Rendered layout layouts/application.html.erb (Duration: 6.6ms | Allocations: 2595)
Completed 200 OK in 10ms (Views: 8.5ms | ActiveRecord: 0.0ms | Allocations: 3378)


Started GET "/" for ::1 at 2022-09-27 10:15:04 -0700
Processing by HomeController#index as HTML
  Rendering layout layouts/application.html.erb
  Rendering home/index.html.erb within layouts/application
  Rendered home/index.html.erb within layouts/application (Duration: 0.9ms | Allocations: 454)
  Rendered layout layouts/application.html.erb (Duration: 6.1ms | Allocations: 2483)
Completed 200 OK in 8ms (Views: 7.2ms | ActiveRecord: 0.0ms | Allocations: 2812)


Started GET "/" for ::1 at 2022-09-27 10:15:11 -0700
Processing by HomeController#index as HTML
  Rendering layout layouts/application.html.erb
  Rendering home/index.html.erb within layouts/application
  Rendered home/index.html.erb within layouts/application (Duration: 1.4ms | Allocations: 503)
  Rendered layout layouts/application.html.erb (Duration: 6.1ms | Allocations: 2603)
Completed 200 OK in 10ms (Views: 8.4ms | ActiveRecord: 0.0ms | Allocations: 3388)


Started GET "/" for ::1 at 2022-09-27 10:15:12 -0700
Started GET "/" for ::1 at 2022-09-27 10:15:32 -0700
  [1m[36mActiveRecord::SchemaMigration Pluck (1.2ms)[0m  [1m[34mSELECT "schema_migrations"."version" FROM "schema_migrations" ORDER BY "schema_migrations"."version" ASC[0m
Processing by HomeController#index as HTML
  Rendering layout layouts/application.html.erb
  Rendering home/index.html.erb within layouts/application
  Rendered home/index.html.erb within layouts/application (Duration: 11.7ms | Allocations: 1188)
  Rendered layout layouts/application.html.erb (Duration: 151.6ms | Allocations: 34440)
Completed 200 OK in 176ms (Views: 157.9ms | ActiveRecord: 0.0ms | Allocations: 39857)


Started GET "/" for ::1 at 2022-09-27 10:16:02 -0700
Processing by HomeController#index as HTML
  Rendering layout layouts/application.html.erb
  Rendering home/index.html.erb within layouts/application
  Rendered home/index.html.erb within layouts/application (Duration: 1.3ms | Allocations: 485)
  Rendered layout layouts/application.html.erb (Duration: 5.1ms | Allocations: 2540)
Completed 200 OK in 8ms (Views: 7.2ms | ActiveRecord: 0.0ms | Allocations: 3327)


Started GET "/" for ::1 at 2022-09-27 10:16:04 -0700
Processing by HomeController#index as HTML
  Rendering layout layouts/application.html.erb
  Rendering home/index.html.erb within layouts/application
  Rendered home/index.html.erb within layouts/application (Duration: 1.5ms | Allocations: 501)
  Rendered layout layouts/application.html.erb (Duration: 6.1ms | Allocations: 2593)
Completed 200 OK in 10ms (Views: 8.6ms | ActiveRecord: 0.0ms | Allocations: 3376)


Started GET "/" for ::1 at 2022-09-27 10:16:06 -0700
Processing by HomeController#index as HTML
  Rendering layout layouts/application.html.erb
  Rendering home/index.html.erb within layouts/application
  Rendered home/index.html.erb within layouts/application (Duration: 2.4ms | Allocations: 505)
  Rendered layout layouts/application.html.erb (Duration: 12.8ms | Allocations: 2606)
Completed 200 OK in 18ms (Views: 16.1ms | ActiveRecord: 0.0ms | Allocations: 3394)


Started GET "/" for ::1 at 2022-09-27 10:16:12 -0700
Processing by HomeController#index as HTML
  Rendering layout layouts/application.html.erb
  Rendering home/index.html.erb within layouts/application
  Rendered home/index.html.erb within layouts/application (Duration: 4.3ms | Allocations: 505)
  Rendered layout layouts/application.html.erb (Duration: 18.3ms | Allocations: 2599)
Completed 200 OK in 34ms (Views: 25.8ms | ActiveRecord: 0.0ms | Allocations: 3385)


Started GET "/users/sign_in" for ::1 at 2022-09-27 10:16:29 -0700
Processing by Devise::SessionsController#new as HTML
  Rendering layout layouts/application.html.erb
  Rendering /Users/learnacademy/.rvm/gems/ruby-3.0.0/gems/devise-4.8.1/app/views/devise/sessions/new.html.erb within layouts/application
  Rendered /Users/learnacademy/.rvm/gems/ruby-3.0.0/gems/devise-4.8.1/app/views/devise/shared/_links.html.erb (Duration: 2.9ms | Allocations: 851)
  Rendered /Users/learnacademy/.rvm/gems/ruby-3.0.0/gems/devise-4.8.1/app/views/devise/sessions/new.html.erb within layouts/application (Duration: 28.3ms | Allocations: 6205)
  Rendered layout layouts/application.html.erb (Duration: 33.8ms | Allocations: 8235)
Completed 200 OK in 73ms (Views: 37.9ms | ActiveRecord: 8.5ms | Allocations: 27045)


Started POST "/users/sign_in" for ::1 at 2022-09-27 10:16:36 -0700
Processing by Devise::SessionsController#create as HTML
  Parameters: {"authenticity_token"=>"[FILTERED]", "user"=>{"email"=>"a.a@a", "password"=>"[FILTERED]", "remember_me"=>"0"}, "commit"=>"Log in"}
  [1m[36mUser Load (0.7ms)[0m  [1m[34mSELECT "users".* FROM "users" WHERE "users"."email" = $1 ORDER BY "users"."id" ASC LIMIT $2[0m  [["email", "a.a@a"], ["LIMIT", 1]]
Completed 401 Unauthorized in 10ms (ActiveRecord: 0.8ms | Allocations: 3695)


Processing by Devise::SessionsController#new as HTML
  Parameters: {"authenticity_token"=>"[FILTERED]", "user"=>{"email"=>"a.a@a", "password"=>"[FILTERED]", "remember_me"=>"0"}, "commit"=>"Log in"}
  Rendering layout layouts/application.html.erb
  Rendering /Users/learnacademy/.rvm/gems/ruby-3.0.0/gems/devise-4.8.1/app/views/devise/sessions/new.html.erb within layouts/application
  Rendered /Users/learnacademy/.rvm/gems/ruby-3.0.0/gems/devise-4.8.1/app/views/devise/shared/_links.html.erb (Duration: 0.2ms | Allocations: 138)
  Rendered /Users/learnacademy/.rvm/gems/ruby-3.0.0/gems/devise-4.8.1/app/views/devise/sessions/new.html.erb within layouts/application (Duration: 2.0ms | Allocations: 1255)
  Rendered layout layouts/application.html.erb (Duration: 5.0ms | Allocations: 3230)
Completed 200 OK in 248ms (Views: 5.7ms | ActiveRecord: 0.0ms | Allocations: 4822)


Started POST "/users/sign_in" for ::1 at 2022-09-27 10:16:49 -0700
Processing by Devise::SessionsController#create as HTML
  Parameters: {"authenticity_token"=>"[FILTERED]", "user"=>{"email"=>"a.a@a", "password"=>"[FILTERED]", "remember_me"=>"1"}, "commit"=>"Log in"}
  [1m[36mUser Load (0.3ms)[0m  [1m[34mSELECT "users".* FROM "users" WHERE "users"."email" = $1 ORDER BY "users"."id" ASC LIMIT $2[0m  [["email", "a.a@a"], ["LIMIT", 1]]
Completed 401 Unauthorized in 4ms (ActiveRecord: 0.3ms | Allocations: 1453)


Processing by Devise::SessionsController#new as HTML
  Parameters: {"authenticity_token"=>"[FILTERED]", "user"=>{"email"=>"a.a@a", "password"=>"[FILTERED]", "remember_me"=>"1"}, "commit"=>"Log in"}
  Rendering layout layouts/application.html.erb
  Rendering /Users/learnacademy/.rvm/gems/ruby-3.0.0/gems/devise-4.8.1/app/views/devise/sessions/new.html.erb within layouts/application
  Rendered /Users/learnacademy/.rvm/gems/ruby-3.0.0/gems/devise-4.8.1/app/views/devise/shared/_links.html.erb (Duration: 0.2ms | Allocations: 138)
  Rendered /Users/learnacademy/.rvm/gems/ruby-3.0.0/gems/devise-4.8.1/app/views/devise/sessions/new.html.erb within layouts/application (Duration: 2.1ms | Allocations: 1248)
  Rendered layout layouts/application.html.erb (Duration: 7.1ms | Allocations: 3275)
Completed 200 OK in 252ms (Views: 7.8ms | ActiveRecord: 0.0ms | Allocations: 3868)


Started GET "/users/sign_up" for ::1 at 2022-09-27 10:16:58 -0700
Processing by Devise::RegistrationsController#new as HTML
  Rendering layout layouts/application.html.erb
  Rendering /Users/learnacademy/.rvm/gems/ruby-3.0.0/gems/devise-4.8.1/app/views/devise/registrations/new.html.erb within layouts/application
  Rendered /Users/learnacademy/.rvm/gems/ruby-3.0.0/gems/devise-4.8.1/app/views/devise/shared/_error_messages.html.erb (Duration: 1.6ms | Allocations: 231)
  Rendered /Users/learnacademy/.rvm/gems/ruby-3.0.0/gems/devise-4.8.1/app/views/devise/shared/_links.html.erb (Duration: 0.7ms | Allocations: 224)
  Rendered /Users/learnacademy/.rvm/gems/ruby-3.0.0/gems/devise-4.8.1/app/views/devise/registrations/new.html.erb within layouts/application (Duration: 9.4ms | Allocations: 2259)
  Rendered layout layouts/application.html.erb (Duration: 14.5ms | Allocations: 4290)
Completed 200 OK in 21ms (Views: 18.7ms | ActiveRecord: 0.0ms | Allocations: 5647)


Started POST "/users" for ::1 at 2022-09-27 10:17:16 -0700
Processing by Devise::RegistrationsController#create as HTML
  Parameters: {"authenticity_token"=>"[FILTERED]", "user"=>{"email"=>"b@b.b", "password"=>"[FILTERED]", "password_confirmation"=>"[FILTERED]"}, "commit"=>"Sign up"}
  [1m[36mTRANSACTION (0.2ms)[0m  [1m[35mBEGIN[0m
  [1m[36mUser Exists? (0.4ms)[0m  [1m[34mSELECT 1 AS one FROM "users" WHERE "users"."email" = $1 LIMIT $2[0m  [["email", "b@b.b"], ["LIMIT", 1]]
  [1m[36mUser Create (0.8ms)[0m  [1m[32mINSERT INTO "users" ("email", "encrypted_password", "reset_password_token", "reset_password_sent_at", "remember_created_at", "created_at", "updated_at") VALUES ($1, $2, $3, $4, $5, $6, $7) RETURNING "id"[0m  [["email", "b@b.b"], ["encrypted_password", "[FILTERED]"], ["reset_password_token", "[FILTERED]"], ["reset_password_sent_at", "[FILTERED]"], ["remember_created_at", nil], ["created_at", "2022-09-27 17:17:16.619157"], ["updated_at", "2022-09-27 17:17:16.619157"]]
  [1m[36mTRANSACTION (1.8ms)[0m  [1m[35mCOMMIT[0m
Redirected to http://localhost:3000/
Completed 302 Found in 249ms (ActiveRecord: 3.1ms | Allocations: 10900)


Started GET "/" for ::1 at 2022-09-27 10:17:16 -0700
Processing by HomeController#index as HTML
  Rendering layout layouts/application.html.erb
  Rendering home/index.html.erb within layouts/application
  [1m[36mUser Load (0.2ms)[0m  [1m[34mSELECT "users".* FROM "users" WHERE "users"."id" = $1 ORDER BY "users"."id" ASC LIMIT $2[0m  [["id", 2], ["LIMIT", 1]]
  ↳ app/views/home/index.html.erb:2
  Rendered home/index.html.erb within layouts/application (Duration: 3.3ms | Allocations: 1330)
  Rendered layout layouts/application.html.erb (Duration: 7.0ms | Allocations: 3357)
Completed 200 OK in 8ms (Views: 7.4ms | ActiveRecord: 0.2ms | Allocations: 3687)


Started GET "/" for ::1 at 2022-09-27 10:18:00 -0700
Processing by HomeController#index as HTML
  Rendering layout layouts/application.html.erb
  Rendering home/index.html.erb within layouts/application
  [1m[36mUser Load (0.5ms)[0m  [1m[34mSELECT "users".* FROM "users" WHERE "users"."id" = $1 ORDER BY "users"."id" ASC LIMIT $2[0m  [["id", 2], ["LIMIT", 1]]
  ↳ app/views/home/index.html.erb:2
  Rendered home/index.html.erb within layouts/application (Duration: 5.3ms | Allocations: 1222)
  Rendered layout layouts/application.html.erb (Duration: 9.3ms | Allocations: 3251)
Completed 200 OK in 11ms (Views: 9.4ms | ActiveRecord: 0.5ms | Allocations: 3580)


Started GET "/" for ::1 at 2022-09-27 10:18:03 -0700
Processing by HomeController#index as HTML
  Rendering layout layouts/application.html.erb
  Rendering home/index.html.erb within layouts/application
  [1m[36mUser Load (0.6ms)[0m  [1m[34mSELECT "users".* FROM "users" WHERE "users"."id" = $1 ORDER BY "users"."id" ASC LIMIT $2[0m  [["id", 2], ["LIMIT", 1]]
  ↳ app/views/home/index.html.erb:2
  Rendered home/index.html.erb within layouts/application (Duration: 3.3ms | Allocations: 1214)
  Rendered layout layouts/application.html.erb (Duration: 7.7ms | Allocations: 3243)
Completed 200 OK in 10ms (Views: 7.8ms | ActiveRecord: 0.6ms | Allocations: 3572)


Started GET "/" for ::1 at 2022-09-27 10:18:10 -0700
Processing by HomeController#index as HTML
  Rendering layout layouts/application.html.erb
  Rendering home/index.html.erb within layouts/application
  [1m[36mUser Load (0.4ms)[0m  [1m[34mSELECT "users".* FROM "users" WHERE "users"."id" = $1 ORDER BY "users"."id" ASC LIMIT $2[0m  [["id", 2], ["LIMIT", 1]]
  ↳ app/views/home/index.html.erb:2
  Rendered home/index.html.erb within layouts/application (Duration: 3.8ms | Allocations: 1208)
  Rendered layout layouts/application.html.erb (Duration: 7.1ms | Allocations: 3244)
Completed 200 OK in 9ms (Views: 7.6ms | ActiveRecord: 0.4ms | Allocations: 3575)


Started GET "/" for ::1 at 2022-09-27 10:18:20 -0700
Processing by HomeController#index as HTML
  Rendering layout layouts/application.html.erb
  Rendering home/index.html.erb within layouts/application
  [1m[36mUser Load (0.6ms)[0m  [1m[34mSELECT "users".* FROM "users" WHERE "users"."id" = $1 ORDER BY "users"."id" ASC LIMIT $2[0m  [["id", 2], ["LIMIT", 1]]
  ↳ app/views/home/index.html.erb:2
  Rendered home/index.html.erb within layouts/application (Duration: 15.1ms | Allocations: 4012)
  Rendered layout layouts/application.html.erb (Duration: 19.5ms | Allocations: 6073)
Completed 200 OK in 23ms (Views: 16.0ms | ActiveRecord: 5.9ms | Allocations: 6861)


Started GET "/" for ::1 at 2022-09-27 10:18:24 -0700
Processing by HomeController#index as HTML
  Rendering layout layouts/application.html.erb
  Rendering home/index.html.erb within layouts/application
  [1m[36mUser Load (0.4ms)[0m  [1m[34mSELECT "users".* FROM "users" WHERE "users"."id" = $1 ORDER BY "users"."id" ASC LIMIT $2[0m  [["id", 2], ["LIMIT", 1]]
  ↳ app/views/home/index.html.erb:2
  Rendered home/index.html.erb within layouts/application (Duration: 18.3ms | Allocations: 3973)
  Rendered layout layouts/application.html.erb (Duration: 24.7ms | Allocations: 6073)
Completed 200 OK in 29ms (Views: 22.2ms | ActiveRecord: 5.1ms | Allocations: 6861)


Started GET "/" for ::1 at 2022-09-27 10:18:34 -0700
Processing by HomeController#index as HTML
  Rendering layout layouts/application.html.erb
  Rendering home/index.html.erb within layouts/application
  [1m[36mUser Load (0.5ms)[0m  [1m[34mSELECT "users".* FROM "users" WHERE "users"."id" = $1 ORDER BY "users"."id" ASC LIMIT $2[0m  [["id", 2], ["LIMIT", 1]]
  ↳ app/views/home/index.html.erb:2
  Rendered home/index.html.erb within layouts/application (Duration: 36.3ms | Allocations: 3980)
  Rendered layout layouts/application.html.erb (Duration: 47.6ms | Allocations: 6072)
Completed 200 OK in 53ms (Views: 36.5ms | ActiveRecord: 13.8ms | Allocations: 6858)


Started GET "/" for ::1 at 2022-09-27 10:18:35 -0700
Processing by HomeController#index as HTML
  Rendering layout layouts/application.html.erb
  Rendering home/index.html.erb within layouts/application
  [1m[36mUser Load (0.2ms)[0m  [1m[34mSELECT "users".* FROM "users" WHERE "users"."id" = $1 ORDER BY "users"."id" ASC LIMIT $2[0m  [["id", 2], ["LIMIT", 1]]
  ↳ app/views/home/index.html.erb:2
  Rendered home/index.html.erb within layouts/application (Duration: 20.3ms | Allocations: 3987)
  Rendered layout layouts/application.html.erb (Duration: 25.1ms | Allocations: 6086)
Completed 200 OK in 28ms (Views: 23.2ms | ActiveRecord: 3.7ms | Allocations: 6873)


Started GET "/" for ::1 at 2022-09-27 10:18:37 -0700
Processing by HomeController#index as HTML
  Rendering layout layouts/application.html.erb
  Rendering home/index.html.erb within layouts/application
  [1m[36mUser Load (0.3ms)[0m  [1m[34mSELECT "users".* FROM "users" WHERE "users"."id" = $1 ORDER BY "users"."id" ASC LIMIT $2[0m  [["id", 2], ["LIMIT", 1]]
  ↳ app/views/home/index.html.erb:2
  Rendered home/index.html.erb within layouts/application (Duration: 43.6ms | Allocations: 3963)
  Rendered layout layouts/application.html.erb (Duration: 52.0ms | Allocations: 6062)
Completed 200 OK in 57ms (Views: 27.4ms | ActiveRecord: 26.6ms | Allocations: 6850)


Started GET "/" for ::1 at 2022-09-27 10:18:39 -0700
Processing by HomeController#index as HTML
  Rendering layout layouts/application.html.erb
  Rendering home/index.html.erb within layouts/application
  [1m[36mUser Load (0.5ms)[0m  [1m[34mSELECT "users".* FROM "users" WHERE "users"."id" = $1 ORDER BY "users"."id" ASC LIMIT $2[0m  [["id", 2], ["LIMIT", 1]]
  ↳ app/views/home/index.html.erb:2
  Rendered home/index.html.erb within layouts/application (Duration: 14.1ms | Allocations: 3978)
  Rendered layout layouts/application.html.erb (Duration: 18.9ms | Allocations: 6077)
Completed 200 OK in 22ms (Views: 16.4ms | ActiveRecord: 4.5ms | Allocations: 6865)


Started GET "/" for ::1 at 2022-09-27 10:18:43 -0700
Processing by HomeController#index as HTML
  Rendering layout layouts/application.html.erb
  Rendering home/index.html.erb within layouts/application
  [1m[36mUser Load (0.2ms)[0m  [1m[34mSELECT "users".* FROM "users" WHERE "users"."id" = $1 ORDER BY "users"."id" ASC LIMIT $2[0m  [["id", 2], ["LIMIT", 1]]
  ↳ app/views/home/index.html.erb:2
  Rendered home/index.html.erb within layouts/application (Duration: 16.0ms | Allocations: 3975)
  Rendered layout layouts/application.html.erb (Duration: 21.7ms | Allocations: 6074)
Completed 200 OK in 25ms (Views: 18.9ms | ActiveRecord: 4.6ms | Allocations: 6861)


Started GET "/" for ::1 at 2022-09-27 10:18:46 -0700
Processing by HomeController#index as HTML
  Rendering layout layouts/application.html.erb
  Rendering home/index.html.erb within layouts/application
  [1m[36mUser Load (0.3ms)[0m  [1m[34mSELECT "users".* FROM "users" WHERE "users"."id" = $1 ORDER BY "users"."id" ASC LIMIT $2[0m  [["id", 2], ["LIMIT", 1]]
  ↳ app/views/home/index.html.erb:2
  Rendered home/index.html.erb within layouts/application (Duration: 14.8ms | Allocations: 4027)
  Rendered layout layouts/application.html.erb (Duration: 20.5ms | Allocations: 6126)
Completed 200 OK in 24ms (Views: 17.8ms | ActiveRecord: 4.6ms | Allocations: 6914)


Started GET "/" for ::1 at 2022-09-27 10:18:49 -0700
Processing by HomeController#index as HTML
  Rendering layout layouts/application.html.erb
  Rendering home/index.html.erb within layouts/application
  [1m[36mUser Load (0.2ms)[0m  [1m[34mSELECT "users".* FROM "users" WHERE "users"."id" = $1 ORDER BY "users"."id" ASC LIMIT $2[0m  [["id", 2], ["LIMIT", 1]]
  ↳ app/views/home/index.html.erb:2
  Rendered home/index.html.erb within layouts/application (Duration: 12.6ms | Allocations: 3978)
  Rendered layout layouts/application.html.erb (Duration: 17.9ms | Allocations: 6077)
Completed 200 OK in 20ms (Views: 15.1ms | ActiveRecord: 4.1ms | Allocations: 6865)


Started GET "/" for ::1 at 2022-09-27 10:18:52 -0700
Started GET "/" for ::1 at 2022-09-27 10:24:20 -0700
  [1m[36mActiveRecord::SchemaMigration Pluck (1.2ms)[0m  [1m[34mSELECT "schema_migrations"."version" FROM "schema_migrations" ORDER BY "schema_migrations"."version" ASC[0m
Processing by HomeController#index as HTML
  Rendering layout layouts/application.html.erb
  Rendering home/index.html.erb within layouts/application
  [1m[36mUser Load (1.1ms)[0m  [1m[34mSELECT "users".* FROM "users" WHERE "users"."id" = $1 ORDER BY "users"."id" ASC LIMIT $2[0m  [["id", 2], ["LIMIT", 1]]
  ↳ app/views/home/index.html.erb:2
  Rendered home/index.html.erb within layouts/application (Duration: 51.7ms | Allocations: 21086)
  Rendered layout layouts/application.html.erb (Duration: 2650.1ms | Allocations: 129281)
Completed 200 OK in 2691ms (Views: 2650.4ms | ActiveRecord: 8.7ms | Allocations: 134700)


Started GET "/" for ::1 at 2022-09-27 10:24:39 -0700
Processing by HomeController#index as HTML
  Rendering layout layouts/application.html.erb
  Rendering home/index.html.erb within layouts/application
  [1m[36mUser Load (0.3ms)[0m  [1m[34mSELECT "users".* FROM "users" WHERE "users"."id" = $1 ORDER BY "users"."id" ASC LIMIT $2[0m  [["id", 2], ["LIMIT", 1]]
  ↳ app/views/home/index.html.erb:2
  Rendered home/index.html.erb within layouts/application (Duration: 28.9ms | Allocations: 4068)
  Rendered layout layouts/application.html.erb (Duration: 36.3ms | Allocations: 6183)
Completed 200 OK in 43ms (Views: 26.0ms | ActiveRecord: 15.0ms | Allocations: 6973)


Started GET "/" for ::1 at 2022-09-27 10:24:43 -0700
Processing by HomeController#index as HTML
  Rendering layout layouts/application.html.erb
  Rendering home/index.html.erb within layouts/application
  [1m[36mUser Load (0.3ms)[0m  [1m[34mSELECT "users".* FROM "users" WHERE "users"."id" = $1 ORDER BY "users"."id" ASC LIMIT $2[0m  [["id", 2], ["LIMIT", 1]]
  ↳ app/views/home/index.html.erb:2
  Rendered home/index.html.erb within layouts/application (Duration: 12.7ms | Allocations: 3982)
  Rendered layout layouts/application.html.erb (Duration: 18.3ms | Allocations: 6096)
Completed 200 OK in 21ms (Views: 16.1ms | ActiveRecord: 3.8ms | Allocations: 6885)


Started GET "/" for ::1 at 2022-09-27 10:24:45 -0700
Processing by HomeController#index as HTML
  Rendering layout layouts/application.html.erb
  Rendering home/index.html.erb within layouts/application
  [1m[36mUser Load (0.4ms)[0m  [1m[34mSELECT "users".* FROM "users" WHERE "users"."id" = $1 ORDER BY "users"."id" ASC LIMIT $2[0m  [["id", 2], ["LIMIT", 1]]
  ↳ app/views/home/index.html.erb:2
  Rendered home/index.html.erb within layouts/application (Duration: 4.0ms | Allocations: 1216)
  Rendered layout layouts/application.html.erb (Duration: 8.6ms | Allocations: 3264)
Completed 200 OK in 11ms (Views: 9.2ms | ActiveRecord: 0.4ms | Allocations: 3596)


Started GET "/" for ::1 at 2022-09-27 10:25:17 -0700
Processing by HomeController#index as HTML
  Rendering layout layouts/application.html.erb
  Rendering home/index.html.erb within layouts/application
  [1m[36mUser Load (0.3ms)[0m  [1m[34mSELECT "users".* FROM "users" WHERE "users"."id" = $1 ORDER BY "users"."id" ASC LIMIT $2[0m  [["id", 2], ["LIMIT", 1]]
  ↳ app/views/home/index.html.erb:2
  Rendered home/index.html.erb within layouts/application (Duration: 3.5ms | Allocations: 1218)
  Rendered layout layouts/application.html.erb (Duration: 9840.0ms | Allocations: 56885)
Completed 200 OK in 9843ms (Views: 9841.0ms | ActiveRecord: 0.3ms | Allocations: 57221)


Started GET "/" for ::1 at 2022-09-27 10:25:37 -0700
  [1m[36mActiveRecord::SchemaMigration Pluck (1.1ms)[0m  [1m[34mSELECT "schema_migrations"."version" FROM "schema_migrations" ORDER BY "schema_migrations"."version" ASC[0m
Processing by HomeController#index as HTML
  Rendering layout layouts/application.html.erb
  Rendering home/index.html.erb within layouts/application
  [1m[36mUser Load (1.0ms)[0m  [1m[34mSELECT "users".* FROM "users" WHERE "users"."id" = $1 ORDER BY "users"."id" ASC LIMIT $2[0m  [["id", 2], ["LIMIT", 1]]
  ↳ app/views/home/index.html.erb:2
  Rendered home/index.html.erb within layouts/application (Duration: 55.4ms | Allocations: 21055)
  Rendered layout layouts/application.html.erb (Duration: 327.4ms | Allocations: 65935)
Completed 200 OK in 356ms (Views: 324.9ms | ActiveRecord: 12.4ms | Allocations: 71356)


Started GET "/" for ::1 at 2022-09-27 10:26:04 -0700
Processing by HomeController#index as HTML
  Rendering layout layouts/application.html.erb
  Rendering home/index.html.erb within layouts/application
  [1m[36mUser Load (0.4ms)[0m  [1m[34mSELECT "users".* FROM "users" WHERE "users"."id" = $1 ORDER BY "users"."id" ASC LIMIT $2[0m  [["id", 2], ["LIMIT", 1]]
  ↳ app/views/home/index.html.erb:2
  Rendered home/index.html.erb within layouts/application (Duration: 15.5ms | Allocations: 4044)
  Rendered layout layouts/application.html.erb (Duration: 28.5ms | Allocations: 9354)
Completed 200 OK in 32ms (Views: 25.9ms | ActiveRecord: 4.9ms | Allocations: 10144)


Started GET "/" for ::1 at 2022-09-27 10:26:07 -0700
Processing by HomeController#index as HTML
  Rendering layout layouts/application.html.erb
  Rendering home/index.html.erb within layouts/application
  [1m[36mUser Load (0.3ms)[0m  [1m[34mSELECT "users".* FROM "users" WHERE "users"."id" = $1 ORDER BY "users"."id" ASC LIMIT $2[0m  [["id", 2], ["LIMIT", 1]]
  ↳ app/views/home/index.html.erb:2
  Rendered home/index.html.erb within layouts/application (Duration: 30.7ms | Allocations: 3984)
  Rendered layout layouts/application.html.erb (Duration: 61.7ms | Allocations: 9333)
Completed 200 OK in 66ms (Views: 59.9ms | ActiveRecord: 4.0ms | Allocations: 10123)


Started GET "/" for ::1 at 2022-09-27 10:26:09 -0700
Processing by HomeController#index as HTML
  Rendering layout layouts/application.html.erb
  Rendering home/index.html.erb within layouts/application
  [1m[36mUser Load (0.5ms)[0m  [1m[34mSELECT "users".* FROM "users" WHERE "users"."id" = $1 ORDER BY "users"."id" ASC LIMIT $2[0m  [["id", 2], ["LIMIT", 1]]
  ↳ app/views/home/index.html.erb:2
  Rendered home/index.html.erb within layouts/application (Duration: 17.5ms | Allocations: 4001)
  Rendered layout layouts/application.html.erb (Duration: 36.8ms | Allocations: 9352)
Completed 200 OK in 44ms (Views: 36.7ms | ActiveRecord: 5.4ms | Allocations: 10139)


Started GET "/" for ::1 at 2022-09-27 10:26:14 -0700
Processing by HomeController#index as HTML
  Rendering layout layouts/application.html.erb
  Rendering home/index.html.erb within layouts/application
  [1m[36mUser Load (0.4ms)[0m  [1m[34mSELECT "users".* FROM "users" WHERE "users"."id" = $1 ORDER BY "users"."id" ASC LIMIT $2[0m  [["id", 2], ["LIMIT", 1]]
  ↳ app/views/home/index.html.erb:2
  Rendered home/index.html.erb within layouts/application (Duration: 26.4ms | Allocations: 3988)
  Rendered layout layouts/application.html.erb (Duration: 42.5ms | Allocations: 9341)
Completed 200 OK in 49ms (Views: 40.7ms | ActiveRecord: 6.1ms | Allocations: 10131)


Started GET "/users/sign_in" for ::1 at 2022-09-27 10:26:18 -0700
Processing by Devise::SessionsController#new as HTML
  [1m[36mUser Load (0.5ms)[0m  [1m[34mSELECT "users".* FROM "users" WHERE "users"."id" = $1 ORDER BY "users"."id" ASC LIMIT $2[0m  [["id", 2], ["LIMIT", 1]]
Redirected to http://localhost:3000/
Filter chain halted as :require_no_authentication rendered or redirected
Completed 302 Found in 11ms (ActiveRecord: 0.5ms | Allocations: 3264)


Started GET "/" for ::1 at 2022-09-27 10:26:19 -0700
Processing by HomeController#index as HTML
  Rendering layout layouts/application.html.erb
  Rendering home/index.html.erb within layouts/application
  [1m[36mUser Load (0.3ms)[0m  [1m[34mSELECT "users".* FROM "users" WHERE "users"."id" = $1 ORDER BY "users"."id" ASC LIMIT $2[0m  [["id", 2], ["LIMIT", 1]]
  ↳ app/views/home/index.html.erb:2
  Rendered home/index.html.erb within layouts/application (Duration: 4.3ms | Allocations: 1207)
  Rendered layout layouts/application.html.erb (Duration: 18.9ms | Allocations: 6490)
Completed 200 OK in 21ms (Views: 19.7ms | ActiveRecord: 0.3ms | Allocations: 6824)


Started GET "/users/sign_out" for ::1 at 2022-09-27 10:26:25 -0700
Processing by Devise::SessionsController#destroy as HTML
  [1m[36mUser Load (0.2ms)[0m  [1m[34mSELECT "users".* FROM "users" WHERE "users"."id" = $1 ORDER BY "users"."id" ASC LIMIT $2[0m  [["id", 2], ["LIMIT", 1]]
Redirected to http://localhost:3000/
Completed 302 Found in 10ms (ActiveRecord: 0.2ms | Allocations: 2541)


Started GET "/" for ::1 at 2022-09-27 10:26:26 -0700
Processing by HomeController#index as HTML
  Rendering layout layouts/application.html.erb
  Rendering home/index.html.erb within layouts/application
  Rendered home/index.html.erb within layouts/application (Duration: 3.1ms | Allocations: 521)
  Rendered layout layouts/application.html.erb (Duration: 13.4ms | Allocations: 5812)
Completed 200 OK in 16ms (Views: 14.6ms | ActiveRecord: 0.0ms | Allocations: 6145)


Started GET "/users/sign_in" for ::1 at 2022-09-27 10:26:27 -0700
Processing by Devise::SessionsController#new as HTML
  Rendering layout layouts/application.html.erb
  Rendering /Users/learnacademy/.rvm/gems/ruby-3.0.0/gems/devise-4.8.1/app/views/devise/sessions/new.html.erb within layouts/application
  Rendered /Users/learnacademy/.rvm/gems/ruby-3.0.0/gems/devise-4.8.1/app/views/devise/shared/_links.html.erb (Duration: 2.6ms | Allocations: 856)
  Rendered /Users/learnacademy/.rvm/gems/ruby-3.0.0/gems/devise-4.8.1/app/views/devise/sessions/new.html.erb within layouts/application (Duration: 21.3ms | Allocations: 4664)
  Rendered layout layouts/application.html.erb (Duration: 33.4ms | Allocations: 9997)
Completed 200 OK in 41ms (Views: 36.5ms | ActiveRecord: 0.0ms | Allocations: 11890)


Started POST "/users/sign_in" for ::1 at 2022-09-27 10:26:30 -0700
Processing by Devise::SessionsController#create as HTML
  Parameters: {"authenticity_token"=>"[FILTERED]", "user"=>{"email"=>"b@b.b", "password"=>"[FILTERED]", "remember_me"=>"0"}, "commit"=>"Log in"}
  [1m[36mUser Load (0.5ms)[0m  [1m[34mSELECT "users".* FROM "users" WHERE "users"."email" = $1 ORDER BY "users"."id" ASC LIMIT $2[0m  [["email", "b@b.b"], ["LIMIT", 1]]
Redirected to http://localhost:3000/
Completed 302 Found in 298ms (ActiveRecord: 0.5ms | Allocations: 4636)


Started GET "/" for ::1 at 2022-09-27 10:26:30 -0700
Processing by HomeController#index as HTML
  Rendering layout layouts/application.html.erb
  Rendering home/index.html.erb within layouts/application
  [1m[36mUser Load (0.2ms)[0m  [1m[34mSELECT "users".* FROM "users" WHERE "users"."id" = $1 ORDER BY "users"."id" ASC LIMIT $2[0m  [["id", 2], ["LIMIT", 1]]
  ↳ app/views/home/index.html.erb:2
  Rendered home/index.html.erb within layouts/application (Duration: 2.7ms | Allocations: 1211)
  Rendered layout layouts/application.html.erb (Duration: 12.7ms | Allocations: 6502)
Completed 200 OK in 15ms (Views: 13.3ms | ActiveRecord: 0.2ms | Allocations: 6835)


Started GET "/users/sign_in" for ::1 at 2022-09-27 10:26:35 -0700
Processing by Devise::SessionsController#new as HTML
  [1m[36mUser Load (0.2ms)[0m  [1m[34mSELECT "users".* FROM "users" WHERE "users"."id" = $1 ORDER BY "users"."id" ASC LIMIT $2[0m  [["id", 2], ["LIMIT", 1]]
Redirected to http://localhost:3000/
Filter chain halted as :require_no_authentication rendered or redirected
Completed 302 Found in 4ms (ActiveRecord: 0.2ms | Allocations: 1436)


Started GET "/" for ::1 at 2022-09-27 10:26:35 -0700
Processing by HomeController#index as HTML
  Rendering layout layouts/application.html.erb
  Rendering home/index.html.erb within layouts/application
  [1m[36mUser Load (0.2ms)[0m  [1m[34mSELECT "users".* FROM "users" WHERE "users"."id" = $1 ORDER BY "users"."id" ASC LIMIT $2[0m  [["id", 2], ["LIMIT", 1]]
  ↳ app/views/home/index.html.erb:2
  Rendered home/index.html.erb within layouts/application (Duration: 3.3ms | Allocations: 1209)
  Rendered layout layouts/application.html.erb (Duration: 13.7ms | Allocations: 6491)
Completed 200 OK in 15ms (Views: 14.1ms | ActiveRecord: 0.2ms | Allocations: 6823)


Started GET "/users/sign_in" for ::1 at 2022-09-27 10:26:37 -0700
Processing by Devise::SessionsController#new as HTML
  [1m[36mUser Load (0.3ms)[0m  [1m[34mSELECT "users".* FROM "users" WHERE "users"."id" = $1 ORDER BY "users"."id" ASC LIMIT $2[0m  [["id", 2], ["LIMIT", 1]]
Redirected to http://localhost:3000/
Filter chain halted as :require_no_authentication rendered or redirected
Completed 302 Found in 3ms (ActiveRecord: 0.3ms | Allocations: 1442)


Started GET "/" for ::1 at 2022-09-27 10:26:37 -0700
Processing by HomeController#index as HTML
  Rendering layout layouts/application.html.erb
  Rendering home/index.html.erb within layouts/application
  [1m[36mUser Load (0.3ms)[0m  [1m[34mSELECT "users".* FROM "users" WHERE "users"."id" = $1 ORDER BY "users"."id" ASC LIMIT $2[0m  [["id", 2], ["LIMIT", 1]]
  ↳ app/views/home/index.html.erb:2
  Rendered home/index.html.erb within layouts/application (Duration: 4.2ms | Allocations: 1213)
  Rendered layout layouts/application.html.erb (Duration: 13.2ms | Allocations: 6496)
Completed 200 OK in 15ms (Views: 13.5ms | ActiveRecord: 0.3ms | Allocations: 6828)


Started GET "/users/sign_out" for ::1 at 2022-09-27 10:26:39 -0700
Processing by Devise::SessionsController#destroy as HTML
  [1m[36mUser Load (0.2ms)[0m  [1m[34mSELECT "users".* FROM "users" WHERE "users"."id" = $1 ORDER BY "users"."id" ASC LIMIT $2[0m  [["id", 2], ["LIMIT", 1]]
Redirected to http://localhost:3000/
Completed 302 Found in 5ms (ActiveRecord: 0.2ms | Allocations: 1727)


Started GET "/" for ::1 at 2022-09-27 10:26:39 -0700
Processing by HomeController#index as HTML
  Rendering layout layouts/application.html.erb
  Rendering home/index.html.erb within layouts/application
  Rendered home/index.html.erb within layouts/application (Duration: 2.2ms | Allocations: 446)
  Rendered layout layouts/application.html.erb (Duration: 12.5ms | Allocations: 5739)
Completed 200 OK in 14ms (Views: 13.3ms | ActiveRecord: 0.0ms | Allocations: 6072)


Started GET "/users/sign_in" for ::1 at 2022-09-27 10:26:41 -0700
Processing by Devise::SessionsController#new as HTML
  Rendering layout layouts/application.html.erb
  Rendering /Users/learnacademy/.rvm/gems/ruby-3.0.0/gems/devise-4.8.1/app/views/devise/sessions/new.html.erb within layouts/application
  Rendered /Users/learnacademy/.rvm/gems/ruby-3.0.0/gems/devise-4.8.1/app/views/devise/shared/_links.html.erb (Duration: 0.2ms | Allocations: 138)
  Rendered /Users/learnacademy/.rvm/gems/ruby-3.0.0/gems/devise-4.8.1/app/views/devise/sessions/new.html.erb within layouts/application (Duration: 2.2ms | Allocations: 1252)
  Rendered layout layouts/application.html.erb (Duration: 10.1ms | Allocations: 6529)
Completed 200 OK in 13ms (Views: 10.8ms | ActiveRecord: 0.0ms | Allocations: 7270)


Started POST "/users/sign_in" for ::1 at 2022-09-27 10:26:44 -0700
Processing by Devise::SessionsController#create as HTML
  Parameters: {"authenticity_token"=>"[FILTERED]", "user"=>{"email"=>"b@b.b", "password"=>"[FILTERED]", "remember_me"=>"0"}, "commit"=>"Log in"}
  [1m[36mUser Load (0.5ms)[0m  [1m[34mSELECT "users".* FROM "users" WHERE "users"."email" = $1 ORDER BY "users"."id" ASC LIMIT $2[0m  [["email", "b@b.b"], ["LIMIT", 1]]
Redirected to http://localhost:3000/
Completed 302 Found in 266ms (ActiveRecord: 0.5ms | Allocations: 2415)


Started GET "/" for ::1 at 2022-09-27 10:26:44 -0700
Processing by HomeController#index as HTML
  Rendering layout layouts/application.html.erb
  Rendering home/index.html.erb within layouts/application
  [1m[36mUser Load (0.2ms)[0m  [1m[34mSELECT "users".* FROM "users" WHERE "users"."id" = $1 ORDER BY "users"."id" ASC LIMIT $2[0m  [["id", 2], ["LIMIT", 1]]
  ↳ app/views/home/index.html.erb:2
  Rendered home/index.html.erb within layouts/application (Duration: 3.0ms | Allocations: 1217)
  Rendered layout layouts/application.html.erb (Duration: 11.4ms | Allocations: 6502)
Completed 200 OK in 13ms (Views: 11.8ms | ActiveRecord: 0.2ms | Allocations: 6834)


Started GET "/users/sign_in" for ::1 at 2022-09-27 10:26:47 -0700
Processing by Devise::SessionsController#new as HTML
  [1m[36mUser Load (0.4ms)[0m  [1m[34mSELECT "users".* FROM "users" WHERE "users"."id" = $1 ORDER BY "users"."id" ASC LIMIT $2[0m  [["id", 2], ["LIMIT", 1]]
Redirected to http://localhost:3000/
Filter chain halted as :require_no_authentication rendered or redirected
Completed 302 Found in 4ms (ActiveRecord: 0.4ms | Allocations: 1442)


Started GET "/" for ::1 at 2022-09-27 10:26:47 -0700
Processing by HomeController#index as HTML
  Rendering layout layouts/application.html.erb
  Rendering home/index.html.erb within layouts/application
  [1m[36mUser Load (0.2ms)[0m  [1m[34mSELECT "users".* FROM "users" WHERE "users"."id" = $1 ORDER BY "users"."id" ASC LIMIT $2[0m  [["id", 2], ["LIMIT", 1]]
  ↳ app/views/home/index.html.erb:2
  Rendered home/index.html.erb within layouts/application (Duration: 2.8ms | Allocations: 1227)
  Rendered layout layouts/application.html.erb (Duration: 15.0ms | Allocations: 6518)
Completed 200 OK in 17ms (Views: 15.4ms | ActiveRecord: 0.2ms | Allocations: 6850)


Started GET "/users/sign_out" for ::1 at 2022-09-27 10:26:49 -0700
Processing by Devise::SessionsController#destroy as HTML
  [1m[36mUser Load (0.2ms)[0m  [1m[34mSELECT "users".* FROM "users" WHERE "users"."id" = $1 ORDER BY "users"."id" ASC LIMIT $2[0m  [["id", 2], ["LIMIT", 1]]
Redirected to http://localhost:3000/
Completed 302 Found in 5ms (ActiveRecord: 0.2ms | Allocations: 1718)


Started GET "/" for ::1 at 2022-09-27 10:26:49 -0700
Processing by HomeController#index as HTML
  Rendering layout layouts/application.html.erb
  Rendering home/index.html.erb within layouts/application
  Rendered home/index.html.erb within layouts/application (Duration: 0.8ms | Allocations: 450)
  Rendered layout layouts/application.html.erb (Duration: 9.8ms | Allocations: 5737)
Completed 200 OK in 11ms (Views: 10.4ms | ActiveRecord: 0.0ms | Allocations: 6069)


Started GET "/users/sign_in" for ::1 at 2022-09-27 10:26:52 -0700
Processing by Devise::SessionsController#new as HTML
  Rendering layout layouts/application.html.erb
  Rendering /Users/learnacademy/.rvm/gems/ruby-3.0.0/gems/devise-4.8.1/app/views/devise/sessions/new.html.erb within layouts/application
  Rendered /Users/learnacademy/.rvm/gems/ruby-3.0.0/gems/devise-4.8.1/app/views/devise/shared/_links.html.erb (Duration: 0.2ms | Allocations: 138)
  Rendered /Users/learnacademy/.rvm/gems/ruby-3.0.0/gems/devise-4.8.1/app/views/devise/sessions/new.html.erb within layouts/application (Duration: 2.5ms | Allocations: 1252)
  Rendered layout layouts/application.html.erb (Duration: 12.4ms | Allocations: 6533)
Completed 200 OK in 15ms (Views: 13.1ms | ActiveRecord: 0.0ms | Allocations: 7279)


Started GET "/users/sign_in" for ::1 at 2022-09-27 10:27:06 -0700
Processing by Devise::SessionsController#new as HTML
  Rendering layout layouts/application.html.erb
  Rendering /Users/learnacademy/.rvm/gems/ruby-3.0.0/gems/devise-4.8.1/app/views/devise/sessions/new.html.erb within layouts/application
  Rendered /Users/learnacademy/.rvm/gems/ruby-3.0.0/gems/devise-4.8.1/app/views/devise/shared/_links.html.erb (Duration: 0.3ms | Allocations: 162)
  Rendered /Users/learnacademy/.rvm/gems/ruby-3.0.0/gems/devise-4.8.1/app/views/devise/sessions/new.html.erb within layouts/application (Duration: 3.0ms | Allocations: 1358)
  Rendered layout layouts/application.html.erb (Duration: 14.2ms | Allocations: 6640)
Completed 200 OK in 26ms (Views: 16.3ms | ActiveRecord: 3.3ms | Allocations: 10417)


Started GET "/users/sign_in" for ::1 at 2022-09-27 10:27:09 -0700
Processing by Devise::SessionsController#new as HTML
  Rendering layout layouts/application.html.erb
  Rendering /Users/learnacademy/.rvm/gems/ruby-3.0.0/gems/devise-4.8.1/app/views/devise/sessions/new.html.erb within layouts/application
  Rendered /Users/learnacademy/.rvm/gems/ruby-3.0.0/gems/devise-4.8.1/app/views/devise/shared/_links.html.erb (Duration: 0.7ms | Allocations: 162)
  Rendered /Users/learnacademy/.rvm/gems/ruby-3.0.0/gems/devise-4.8.1/app/views/devise/sessions/new.html.erb within layouts/application (Duration: 4.5ms | Allocations: 1358)
  Rendered layout layouts/application.html.erb (Duration: 19.0ms | Allocations: 6640)
Completed 200 OK in 58ms (Views: 21.7ms | ActiveRecord: 5.9ms | Allocations: 10373)


Started GET "/users/sign_in" for ::1 at 2022-09-27 10:27:16 -0700
Processing by Devise::SessionsController#new as HTML
  Rendering layout layouts/application.html.erb
  Rendering /Users/learnacademy/.rvm/gems/ruby-3.0.0/gems/devise-4.8.1/app/views/devise/sessions/new.html.erb within layouts/application
  Rendered /Users/learnacademy/.rvm/gems/ruby-3.0.0/gems/devise-4.8.1/app/views/devise/shared/_links.html.erb (Duration: 0.4ms | Allocations: 162)
  Rendered /Users/learnacademy/.rvm/gems/ruby-3.0.0/gems/devise-4.8.1/app/views/devise/sessions/new.html.erb within layouts/application (Duration: 3.8ms | Allocations: 1358)
  Rendered layout layouts/application.html.erb (Duration: 16.3ms | Allocations: 6640)
Completed 200 OK in 37ms (Views: 18.7ms | ActiveRecord: 6.4ms | Allocations: 10417)


Started GET "/u" for ::1 at 2022-09-27 10:27:20 -0700
Processing by HomeController#index as HTML
  Parameters: {"path"=>"u"}
  Rendering layout layouts/application.html.erb
  Rendering home/index.html.erb within layouts/application
  Rendered home/index.html.erb within layouts/application (Duration: 1.6ms | Allocations: 502)
  Rendered layout layouts/application.html.erb (Duration: 12.6ms | Allocations: 5857)
Completed 200 OK in 16ms (Views: 14.2ms | ActiveRecord: 0.0ms | Allocations: 6638)


Started GET "/" for ::1 at 2022-09-27 10:27:23 -0700
Processing by HomeController#index as HTML
  Rendering layout layouts/application.html.erb
  Rendering home/index.html.erb within layouts/application
  Rendered home/index.html.erb within layouts/application (Duration: 0.9ms | Allocations: 476)
  Rendered layout layouts/application.html.erb (Duration: 11.4ms | Allocations: 5758)
Completed 200 OK in 13ms (Views: 12.1ms | ActiveRecord: 0.0ms | Allocations: 6090)


Started GET "/users/sign_in" for ::1 at 2022-09-27 10:27:25 -0700
Processing by Devise::SessionsController#new as HTML
  Rendering layout layouts/application.html.erb
  Rendering /Users/learnacademy/.rvm/gems/ruby-3.0.0/gems/devise-4.8.1/app/views/devise/sessions/new.html.erb within layouts/application
  Rendered /Users/learnacademy/.rvm/gems/ruby-3.0.0/gems/devise-4.8.1/app/views/devise/shared/_links.html.erb (Duration: 0.4ms | Allocations: 138)
  Rendered /Users/learnacademy/.rvm/gems/ruby-3.0.0/gems/devise-4.8.1/app/views/devise/sessions/new.html.erb within layouts/application (Duration: 28.1ms | Allocations: 1252)
  Rendered layout layouts/application.html.erb (Duration: 101.3ms | Allocations: 6534)
Completed 200 OK in 104ms (Views: 102.2ms | ActiveRecord: 0.0ms | Allocations: 7269)


Started GET "/users/sign_up" for ::1 at 2022-09-27 10:27:28 -0700
Processing by Devise::RegistrationsController#new as HTML
  Rendering layout layouts/application.html.erb
  Rendering /Users/learnacademy/.rvm/gems/ruby-3.0.0/gems/devise-4.8.1/app/views/devise/registrations/new.html.erb within layouts/application
  Rendered /Users/learnacademy/.rvm/gems/ruby-3.0.0/gems/devise-4.8.1/app/views/devise/shared/_error_messages.html.erb (Duration: 1.1ms | Allocations: 231)
  Rendered /Users/learnacademy/.rvm/gems/ruby-3.0.0/gems/devise-4.8.1/app/views/devise/shared/_links.html.erb (Duration: 0.9ms | Allocations: 224)
  Rendered /Users/learnacademy/.rvm/gems/ruby-3.0.0/gems/devise-4.8.1/app/views/devise/registrations/new.html.erb within layouts/application (Duration: 8.4ms | Allocations: 2262)
  Rendered layout layouts/application.html.erb (Duration: 19.4ms | Allocations: 7552)
Completed 200 OK in 25ms (Views: 22.9ms | ActiveRecord: 0.0ms | Allocations: 8940)


Started POST "/users" for ::1 at 2022-09-27 10:27:39 -0700
Processing by Devise::RegistrationsController#create as HTML
  Parameters: {"authenticity_token"=>"[FILTERED]", "user"=>{"email"=>"c@c.c", "password"=>"[FILTERED]", "password_confirmation"=>"[FILTERED]"}, "commit"=>"Sign up"}
  [1m[36mTRANSACTION (0.1ms)[0m  [1m[35mBEGIN[0m
  [1m[36mUser Exists? (0.3ms)[0m  [1m[34mSELECT 1 AS one FROM "users" WHERE "users"."email" = $1 LIMIT $2[0m  [["email", "c@c.c"], ["LIMIT", 1]]
  [1m[36mUser Create (0.6ms)[0m  [1m[32mINSERT INTO "users" ("email", "encrypted_password", "reset_password_token", "reset_password_sent_at", "remember_created_at", "created_at", "updated_at") VALUES ($1, $2, $3, $4, $5, $6, $7) RETURNING "id"[0m  [["email", "c@c.c"], ["encrypted_password", "[FILTERED]"], ["reset_password_token", "[FILTERED]"], ["reset_password_sent_at", "[FILTERED]"], ["remember_created_at", nil], ["created_at", "2022-09-27 17:27:40.129368"], ["updated_at", "2022-09-27 17:27:40.129368"]]
  [1m[36mTRANSACTION (0.8ms)[0m  [1m[35mCOMMIT[0m
Redirected to http://localhost:3000/
Completed 302 Found in 248ms (ActiveRecord: 1.8ms | Allocations: 7054)


Started GET "/" for ::1 at 2022-09-27 10:27:40 -0700
Processing by HomeController#index as HTML
  Rendering layout layouts/application.html.erb
  Rendering home/index.html.erb within layouts/application
  [1m[36mUser Load (0.3ms)[0m  [1m[34mSELECT "users".* FROM "users" WHERE "users"."id" = $1 ORDER BY "users"."id" ASC LIMIT $2[0m  [["id", 3], ["LIMIT", 1]]
  ↳ app/views/home/index.html.erb:2
  Rendered home/index.html.erb within layouts/application (Duration: 3.6ms | Allocations: 1495)
  Rendered layout layouts/application.html.erb (Duration: 11.9ms | Allocations: 6781)
Completed 200 OK in 14ms (Views: 12.2ms | ActiveRecord: 0.3ms | Allocations: 7115)


Started GET "/" for ::1 at 2022-09-27 10:27:46 -0700
Processing by HomeController#index as HTML
  Rendering layout layouts/application.html.erb
  Rendering home/index.html.erb within layouts/application
  [1m[36mUser Load (0.2ms)[0m  [1m[34mSELECT "users".* FROM "users" WHERE "users"."id" = $1 ORDER BY "users"."id" ASC LIMIT $2[0m  [["id", 3], ["LIMIT", 1]]
  ↳ app/views/home/index.html.erb:2
  Rendered home/index.html.erb within layouts/application (Duration: 11.9ms | Allocations: 4027)
  Rendered layout layouts/application.html.erb (Duration: 21.0ms | Allocations: 9340)
Completed 200 OK in 24ms (Views: 19.2ms | ActiveRecord: 4.0ms | Allocations: 10126)


Started GET "/" for ::1 at 2022-09-27 10:27:51 -0700
Processing by HomeController#index as HTML
  Rendering layout layouts/application.html.erb
  Rendering home/index.html.erb within layouts/application
  [1m[36mUser Load (0.2ms)[0m  [1m[34mSELECT "users".* FROM "users" WHERE "users"."id" = $1 ORDER BY "users"."id" ASC LIMIT $2[0m  [["id", 3], ["LIMIT", 1]]
  ↳ app/views/home/index.html.erb:2
  Rendered home/index.html.erb within layouts/application (Duration: 13.6ms | Allocations: 3991)
  Rendered layout layouts/application.html.erb (Duration: 23.9ms | Allocations: 9342)
Completed 200 OK in 27ms (Views: 21.0ms | ActiveRecord: 4.6ms | Allocations: 10129)


Started GET "/" for ::1 at 2022-09-27 10:27:56 -0700
Processing by HomeController#index as HTML
  Rendering layout layouts/application.html.erb
  Rendering home/index.html.erb within layouts/application
  [1m[36mUser Load (0.2ms)[0m  [1m[34mSELECT "users".* FROM "users" WHERE "users"."id" = $1 ORDER BY "users"."id" ASC LIMIT $2[0m  [["id", 3], ["LIMIT", 1]]
  ↳ app/views/home/index.html.erb:2
  Rendered home/index.html.erb within layouts/application (Duration: 12.7ms | Allocations: 3970)
  Rendered layout layouts/application.html.erb (Duration: 23.3ms | Allocations: 9321)
Completed 200 OK in 26ms (Views: 20.9ms | ActiveRecord: 3.8ms | Allocations: 10108)


Started GET "/" for ::1 at 2022-09-27 10:28:02 -0700
Processing by HomeController#index as HTML
  Rendering layout layouts/application.html.erb
  Rendering home/index.html.erb within layouts/application
  [1m[36mUser Load (0.3ms)[0m  [1m[34mSELECT "users".* FROM "users" WHERE "users"."id" = $1 ORDER BY "users"."id" ASC LIMIT $2[0m  [["id", 3], ["LIMIT", 1]]
  ↳ app/views/home/index.html.erb:2
  Rendered home/index.html.erb within layouts/application (Duration: 17.3ms | Allocations: 3990)
  Rendered layout layouts/application.html.erb (Duration: 34.3ms | Allocations: 9340)
Completed 200 OK in 39ms (Views: 31.5ms | ActiveRecord: 5.2ms | Allocations: 10126)


Started GET "/" for ::1 at 2022-09-27 10:28:05 -0700
Processing by HomeController#index as HTML
  Rendering layout layouts/application.html.erb
  Rendering home/index.html.erb within layouts/application
  [1m[36mUser Load (0.2ms)[0m  [1m[34mSELECT "users".* FROM "users" WHERE "users"."id" = $1 ORDER BY "users"."id" ASC LIMIT $2[0m  [["id", 3], ["LIMIT", 1]]
  ↳ app/views/home/index.html.erb:2
  Rendered home/index.html.erb within layouts/application (Duration: 16.0ms | Allocations: 3992)
  Rendered layout layouts/application.html.erb (Duration: 30.0ms | Allocations: 9337)
Completed 200 OK in 33ms (Views: 26.8ms | ActiveRecord: 5.3ms | Allocations: 10123)


Started GET "/" for ::1 at 2022-09-27 10:28:08 -0700
Processing by HomeController#index as HTML
  Rendering layout layouts/application.html.erb
  Rendering home/index.html.erb within layouts/application
  [1m[36mUser Load (0.2ms)[0m  [1m[34mSELECT "users".* FROM "users" WHERE "users"."id" = $1 ORDER BY "users"."id" ASC LIMIT $2[0m  [["id", 3], ["LIMIT", 1]]
  ↳ app/views/home/index.html.erb:2
  Rendered home/index.html.erb within layouts/application (Duration: 12.4ms | Allocations: 3990)
  Rendered layout layouts/application.html.erb (Duration: 22.7ms | Allocations: 9335)
Completed 200 OK in 26ms (Views: 20.3ms | ActiveRecord: 3.9ms | Allocations: 10121)


Started GET "/" for ::1 at 2022-09-27 10:28:12 -0700
Processing by HomeController#index as HTML
  Rendering layout layouts/application.html.erb
  Rendering home/index.html.erb within layouts/application
  [1m[36mUser Load (0.3ms)[0m  [1m[34mSELECT "users".* FROM "users" WHERE "users"."id" = $1 ORDER BY "users"."id" ASC LIMIT $2[0m  [["id", 3], ["LIMIT", 1]]
  ↳ app/views/home/index.html.erb:2
  Rendered home/index.html.erb within layouts/application (Duration: 26.8ms | Allocations: 3999)
  Rendered layout layouts/application.html.erb (Duration: 61.5ms | Allocations: 9350)
Completed 200 OK in 66ms (Views: 53.6ms | ActiveRecord: 10.5ms | Allocations: 10137)


Started GET "/" for ::1 at 2022-09-27 10:28:14 -0700
Processing by HomeController#index as HTML
  Rendering layout layouts/application.html.erb
  Rendering home/index.html.erb within layouts/application
  [1m[36mUser Load (0.3ms)[0m  [1m[34mSELECT "users".* FROM "users" WHERE "users"."id" = $1 ORDER BY "users"."id" ASC LIMIT $2[0m  [["id", 3], ["LIMIT", 1]]
  ↳ app/views/home/index.html.erb:2
  Rendered home/index.html.erb within layouts/application (Duration: 17.1ms | Allocations: 3966)
  Rendered layout layouts/application.html.erb (Duration: 30.5ms | Allocations: 9317)
Completed 200 OK in 35ms (Views: 27.1ms | ActiveRecord: 5.5ms | Allocations: 10104)


Started GET "/" for ::1 at 2022-09-27 10:28:18 -0700
Processing by HomeController#index as HTML
  Rendering layout layouts/application.html.erb
  Rendering home/index.html.erb within layouts/application
  [1m[36mUser Load (0.3ms)[0m  [1m[34mSELECT "users".* FROM "users" WHERE "users"."id" = $1 ORDER BY "users"."id" ASC LIMIT $2[0m  [["id", 3], ["LIMIT", 1]]
  ↳ app/views/home/index.html.erb:2
  Rendered home/index.html.erb within layouts/application (Duration: 32.6ms | Allocations: 3972)
  Rendered layout layouts/application.html.erb (Duration: 64.5ms | Allocations: 9285)
Completed 200 OK in 100ms (Views: 90.5ms | ActiveRecord: 7.8ms | Allocations: 10072)


Started GET "/" for ::1 at 2022-09-27 10:28:21 -0700
Processing by HomeController#index as HTML
  Rendering layout layouts/application.html.erb
  Rendering home/index.html.erb within layouts/application
  [1m[36mUser Load (0.2ms)[0m  [1m[34mSELECT "users".* FROM "users" WHERE "users"."id" = $1 ORDER BY "users"."id" ASC LIMIT $2[0m  [["id", 3], ["LIMIT", 1]]
  ↳ app/views/home/index.html.erb:2
  Rendered home/index.html.erb within layouts/application (Duration: 34.2ms | Allocations: 3966)
  Rendered layout layouts/application.html.erb (Duration: 58.6ms | Allocations: 9316)
Completed 200 OK in 77ms (Views: 63.2ms | ActiveRecord: 9.1ms | Allocations: 10102)


Started GET "/" for ::1 at 2022-09-27 10:28:25 -0700
Processing by HomeController#index as HTML
  Rendering layout layouts/application.html.erb
  Rendering home/index.html.erb within layouts/application
  [1m[36mUser Load (0.3ms)[0m  [1m[34mSELECT "users".* FROM "users" WHERE "users"."id" = $1 ORDER BY "users"."id" ASC LIMIT $2[0m  [["id", 3], ["LIMIT", 1]]
  ↳ app/views/home/index.html.erb:2
  Rendered home/index.html.erb within layouts/application (Duration: 17.4ms | Allocations: 3972)
  Rendered layout layouts/application.html.erb (Duration: 34.0ms | Allocations: 9317)
Completed 200 OK in 38ms (Views: 31.4ms | ActiveRecord: 4.9ms | Allocations: 10103)


Started GET "/" for ::1 at 2022-09-27 10:28:45 -0700
Processing by HomeController#index as HTML
  Rendering layout layouts/application.html.erb
  Rendering home/index.html.erb within layouts/application
  [1m[36mUser Load (0.2ms)[0m  [1m[34mSELECT "users".* FROM "users" WHERE "users"."id" = $1 ORDER BY "users"."id" ASC LIMIT $2[0m  [["id", 3], ["LIMIT", 1]]
  ↳ app/views/home/index.html.erb:2
  Rendered home/index.html.erb within layouts/application (Duration: 13.2ms | Allocations: 4029)
  Rendered layout layouts/application.html.erb (Duration: 24.8ms | Allocations: 9383)
Completed 200 OK in 28ms (Views: 22.2ms | ActiveRecord: 4.2ms | Allocations: 10170)


Started GET "/" for ::1 at 2022-09-27 10:28:47 -0700
Processing by HomeController#index as HTML
  Rendering layout layouts/application.html.erb
  Rendering home/index.html.erb within layouts/application
  [1m[36mUser Load (0.3ms)[0m  [1m[34mSELECT "users".* FROM "users" WHERE "users"."id" = $1 ORDER BY "users"."id" ASC LIMIT $2[0m  [["id", 3], ["LIMIT", 1]]
  ↳ app/views/home/index.html.erb:2
  Rendered home/index.html.erb within layouts/application (Duration: 11.4ms | Allocations: 3980)
  Rendered layout layouts/application.html.erb (Duration: 19.6ms | Allocations: 9331)
Completed 200 OK in 22ms (Views: 18.0ms | ActiveRecord: 3.3ms | Allocations: 10118)


Started GET "/" for ::1 at 2022-09-27 10:28:49 -0700
Processing by HomeController#index as HTML
  Rendering layout layouts/application.html.erb
  Rendering home/index.html.erb within layouts/application
  [1m[36mUser Load (0.2ms)[0m  [1m[34mSELECT "users".* FROM "users" WHERE "users"."id" = $1 ORDER BY "users"."id" ASC LIMIT $2[0m  [["id", 3], ["LIMIT", 1]]
  ↳ app/views/home/index.html.erb:2
  Rendered home/index.html.erb within layouts/application (Duration: 13.1ms | Allocations: 3980)
  Rendered layout layouts/application.html.erb (Duration: 24.9ms | Allocations: 9293)
Completed 200 OK in 28ms (Views: 22.9ms | ActiveRecord: 3.6ms | Allocations: 10080)


Started GET "/" for ::1 at 2022-09-27 10:28:51 -0700
Processing by HomeController#index as HTML
  Rendering layout layouts/application.html.erb
  Rendering home/index.html.erb within layouts/application
  [1m[36mUser Load (0.2ms)[0m  [1m[34mSELECT "users".* FROM "users" WHERE "users"."id" = $1 ORDER BY "users"."id" ASC LIMIT $2[0m  [["id", 3], ["LIMIT", 1]]
  ↳ app/views/home/index.html.erb:2
  Rendered home/index.html.erb within layouts/application (Duration: 27.7ms | Allocations: 3974)
  Rendered layout layouts/application.html.erb (Duration: 39.8ms | Allocations: 9324)
Completed 200 OK in 46ms (Views: 26.6ms | ActiveRecord: 16.3ms | Allocations: 10110)


Started GET "/" for ::1 at 2022-09-27 10:28:53 -0700
Processing by HomeController#index as HTML
  Rendering layout layouts/application.html.erb
  Rendering home/index.html.erb within layouts/application
  [1m[36mUser Load (0.3ms)[0m  [1m[34mSELECT "users".* FROM "users" WHERE "users"."id" = $1 ORDER BY "users"."id" ASC LIMIT $2[0m  [["id", 3], ["LIMIT", 1]]
  ↳ app/views/home/index.html.erb:2
  Rendered home/index.html.erb within layouts/application (Duration: 18.4ms | Allocations: 3986)
  Rendered layout layouts/application.html.erb (Duration: 35.9ms | Allocations: 9331)
Completed 200 OK in 39ms (Views: 33.1ms | ActiveRecord: 4.8ms | Allocations: 10117)


Started GET "/users/sign_out" for ::1 at 2022-09-27 10:28:59 -0700
Processing by Devise::SessionsController#destroy as HTML
  [1m[36mUser Load (0.2ms)[0m  [1m[34mSELECT "users".* FROM "users" WHERE "users"."id" = $1 ORDER BY "users"."id" ASC LIMIT $2[0m  [["id", 3], ["LIMIT", 1]]
Redirected to http://localhost:3000/
Completed 302 Found in 9ms (ActiveRecord: 0.2ms | Allocations: 2017)


Started GET "/" for ::1 at 2022-09-27 10:28:59 -0700
Processing by HomeController#index as HTML
  Rendering layout layouts/application.html.erb
  Rendering home/index.html.erb within layouts/application
  Rendered home/index.html.erb within layouts/application (Duration: 1.5ms | Allocations: 453)
  Rendered layout layouts/application.html.erb (Duration: 20.1ms | Allocations: 5738)
Completed 200 OK in 23ms (Views: 21.6ms | ActiveRecord: 0.0ms | Allocations: 6071)


Started GET "/users/sign_in" for ::1 at 2022-09-27 10:29:03 -0700
Processing by Devise::SessionsController#new as HTML
  Rendering layout layouts/application.html.erb
  Rendering /Users/learnacademy/.rvm/gems/ruby-3.0.0/gems/devise-4.8.1/app/views/devise/sessions/new.html.erb within layouts/application
  Rendered /Users/learnacademy/.rvm/gems/ruby-3.0.0/gems/devise-4.8.1/app/views/devise/shared/_links.html.erb (Duration: 1.0ms | Allocations: 161)
  Rendered /Users/learnacademy/.rvm/gems/ruby-3.0.0/gems/devise-4.8.1/app/views/devise/sessions/new.html.erb within layouts/application (Duration: 9.2ms | Allocations: 1352)
  Rendered layout layouts/application.html.erb (Duration: 25.6ms | Allocations: 6691)
Completed 200 OK in 31ms (Views: 28.1ms | ActiveRecord: 0.0ms | Allocations: 7907)


Started POST "/users/sign_in" for ::1 at 2022-09-27 10:29:04 -0700
Processing by Devise::SessionsController#create as HTML
  Parameters: {"authenticity_token"=>"[FILTERED]", "user"=>{"email"=>"c@c.c", "password"=>"[FILTERED]", "remember_me"=>"0"}, "commit"=>"Log in"}
  [1m[36mUser Load (0.6ms)[0m  [1m[34mSELECT "users".* FROM "users" WHERE "users"."email" = $1 ORDER BY "users"."id" ASC LIMIT $2[0m  [["email", "c@c.c"], ["LIMIT", 1]]
Redirected to http://localhost:3000/
Completed 302 Found in 341ms (ActiveRecord: 0.6ms | Allocations: 2462)


Started GET "/" for ::1 at 2022-09-27 10:29:04 -0700
Processing by HomeController#index as HTML
  Rendering layout layouts/application.html.erb
  Rendering home/index.html.erb within layouts/application
  [1m[36mUser Load (0.4ms)[0m  [1m[34mSELECT "users".* FROM "users" WHERE "users"."id" = $1 ORDER BY "users"."id" ASC LIMIT $2[0m  [["id", 3], ["LIMIT", 1]]
  ↳ app/views/home/index.html.erb:2
  Rendered home/index.html.erb within layouts/application (Duration: 4.9ms | Allocations: 1201)
  Rendered layout layouts/application.html.erb (Duration: 21.0ms | Allocations: 6486)
Completed 200 OK in 24ms (Views: 21.7ms | ActiveRecord: 0.4ms | Allocations: 6819)


Started GET "/users/sign_out" for ::1 at 2022-09-27 10:29:09 -0700
Processing by Devise::SessionsController#destroy as HTML
  [1m[36mUser Load (0.2ms)[0m  [1m[34mSELECT "users".* FROM "users" WHERE "users"."id" = $1 ORDER BY "users"."id" ASC LIMIT $2[0m  [["id", 3], ["LIMIT", 1]]
Redirected to http://localhost:3000/
Completed 302 Found in 6ms (ActiveRecord: 0.2ms | Allocations: 1719)


Started GET "/" for ::1 at 2022-09-27 10:29:09 -0700
Processing by HomeController#index as HTML
  Rendering layout layouts/application.html.erb
  Rendering home/index.html.erb within layouts/application
  Rendered home/index.html.erb within layouts/application (Duration: 0.7ms | Allocations: 454)
  Rendered layout layouts/application.html.erb (Duration: 10.8ms | Allocations: 5741)
Completed 200 OK in 13ms (Views: 11.5ms | ActiveRecord: 0.0ms | Allocations: 6073)


